This is pdfTeX, Version 3.141592653-2.6-1.40.22 (TeX Live 2022/dev/Debian) (preloaded format=pdflatex 2022.9.6)  9 NOV 2022 11:47
entering extended mode
 restricted \write18 enabled.
 %&-line parsing enabled.
**ALICE_analysis_note.tex
(./ALICE_analysis_note.tex
LaTeX2e <2021-11-15> patch level 1
L3 programming layer <2022-01-21> (./ALICE_analysis_notes.cls
Document Style 'cernphprep'. Version <1.06>, <8 July 2010>

LaTeX Warning: You have requested document class `ALICE_analysis_notes',
               but the document class provides `cernphprep'.

Document Class: cernphprep 2010/07/08
(/usr/share/texlive/texmf-dist/tex/latex/base/article.cls
Document Class: article 2021/10/04 v1.4n Standard LaTeX document class
(/usr/share/texlive/texmf-dist/tex/latex/base/size11.clo
File: size11.clo 2021/10/04 v1.4n Standard LaTeX file (size option)
)
\c@part=\count185
\c@section=\count186
\c@subsection=\count187
\c@subsubsection=\count188
\c@paragraph=\count189
\c@subparagraph=\count190
\c@figure=\count191
\c@table=\count192
\abovecaptionskip=\skip47
\belowcaptionskip=\skip48
\bibindent=\dimen138
)
(/usr/share/texlive/texmf-dist/tex/latex/psnfss/mathptmx.sty
Package: mathptmx 2020/03/25 PSNFSS-v9.3 Times w/ Math, improved (SPQR, WaS) 
LaTeX Font Info:    Redeclaring symbol font `operators' on input line 28.
LaTeX Font Info:    Overwriting symbol font `operators' in version `normal'
(Font)                  OT1/cmr/m/n --> OT1/ztmcm/m/n on input line 28.
LaTeX Font Info:    Overwriting symbol font `operators' in version `bold'
(Font)                  OT1/cmr/bx/n --> OT1/ztmcm/m/n on input line 28.
LaTeX Font Info:    Redeclaring symbol font `letters' on input line 29.
LaTeX Font Info:    Overwriting symbol font `letters' in version `normal'
(Font)                  OML/cmm/m/it --> OML/ztmcm/m/it on input line 29.
LaTeX Font Info:    Overwriting symbol font `letters' in version `bold'
(Font)                  OML/cmm/b/it --> OML/ztmcm/m/it on input line 29.
LaTeX Font Info:    Redeclaring symbol font `symbols' on input line 30.
LaTeX Font Info:    Overwriting symbol font `symbols' in version `normal'
(Font)                  OMS/cmsy/m/n --> OMS/ztmcm/m/n on input line 30.
LaTeX Font Info:    Overwriting symbol font `symbols' in version `bold'
(Font)                  OMS/cmsy/b/n --> OMS/ztmcm/m/n on input line 30.
LaTeX Font Info:    Redeclaring symbol font `largesymbols' on input line 31.
LaTeX Font Info:    Overwriting symbol font `largesymbols' in version `normal'
(Font)                  OMX/cmex/m/n --> OMX/ztmcm/m/n on input line 31.
LaTeX Font Info:    Overwriting symbol font `largesymbols' in version `bold'
(Font)                  OMX/cmex/m/n --> OMX/ztmcm/m/n on input line 31.
\symbold=\mathgroup4
\symitalic=\mathgroup5
LaTeX Font Info:    Redeclaring math alphabet \mathbf on input line 34.
LaTeX Font Info:    Overwriting math alphabet `\mathbf' in version `normal'
(Font)                  OT1/cmr/bx/n --> OT1/ptm/bx/n on input line 34.
LaTeX Font Info:    Overwriting math alphabet `\mathbf' in version `bold'
(Font)                  OT1/cmr/bx/n --> OT1/ptm/bx/n on input line 34.
LaTeX Font Info:    Redeclaring math alphabet \mathit on input line 35.
LaTeX Font Info:    Overwriting math alphabet `\mathit' in version `normal'
(Font)                  OT1/cmr/m/it --> OT1/ptm/m/it on input line 35.
LaTeX Font Info:    Overwriting math alphabet `\mathit' in version `bold'
(Font)                  OT1/cmr/bx/it --> OT1/ptm/m/it on input line 35.
LaTeX Info: Redefining \hbar on input line 50.
)
(/usr/share/texlive/texmf-dist/tex/latex/graphics/graphicx.sty
Package: graphicx 2021/09/16 v1.2d Enhanced LaTeX Graphics (DPC,SPQR)

(/usr/share/texlive/texmf-dist/tex/latex/graphics/keyval.sty
Package: keyval 2014/10/28 v1.15 key=value parser (DPC)
\KV@toks@=\toks16
)
(/usr/share/texlive/texmf-dist/tex/latex/graphics/graphics.sty
Package: graphics 2021/03/04 v1.4d Standard LaTeX Graphics (DPC,SPQR)

(/usr/share/texlive/texmf-dist/tex/latex/graphics/trig.sty
Package: trig 2021/08/11 v1.11 sin cos tan (DPC)
)
(/usr/share/texlive/texmf-dist/tex/latex/graphics-cfg/graphics.cfg
File: graphics.cfg 2016/06/04 v1.11 sample graphics configuration
)
Package graphics Info: Driver file: pdftex.def on input line 107.

(/usr/share/texlive/texmf-dist/tex/latex/graphics-def/pdftex.def
File: pdftex.def 2020/10/05 v1.2a Graphics/color driver for pdftex
))
\Gin@req@height=\dimen139
\Gin@req@width=\dimen140
)
(/usr/share/texlive/texmf-dist/tex/latex/amsmath/amsmath.sty
Package: amsmath 2021/10/15 v2.17l AMS math features
\@mathmargin=\skip49

For additional information on amsmath, use the `?' option.
(/usr/share/texlive/texmf-dist/tex/latex/amsmath/amstext.sty
Package: amstext 2021/08/26 v2.01 AMS text

(/usr/share/texlive/texmf-dist/tex/latex/amsmath/amsgen.sty
File: amsgen.sty 1999/11/30 v2.0 generic functions
\@emptytoks=\toks17
\ex@=\dimen141
))
(/usr/share/texlive/texmf-dist/tex/latex/amsmath/amsbsy.sty
Package: amsbsy 1999/11/29 v1.2d Bold Symbols
\pmbraise@=\dimen142
)
(/usr/share/texlive/texmf-dist/tex/latex/amsmath/amsopn.sty
Package: amsopn 2021/08/26 v2.02 operator names
)
\inf@bad=\count193
LaTeX Info: Redefining \frac on input line 234.
\uproot@=\count194
\leftroot@=\count195
LaTeX Info: Redefining \overline on input line 399.
\classnum@=\count196
\DOTSCASE@=\count197
LaTeX Info: Redefining \ldots on input line 496.
LaTeX Info: Redefining \dots on input line 499.
LaTeX Info: Redefining \cdots on input line 620.
\Mathstrutbox@=\box50
\strutbox@=\box51
\big@size=\dimen143
LaTeX Font Info:    Redeclaring font encoding OML on input line 743.
LaTeX Font Info:    Redeclaring font encoding OMS on input line 744.
\macc@depth=\count198
\c@MaxMatrixCols=\count199
\dotsspace@=\muskip16
\c@parentequation=\count266
\dspbrk@lvl=\count267
\tag@help=\toks18
\row@=\count268
\column@=\count269
\maxfields@=\count270
\andhelp@=\toks19
\eqnshift@=\dimen144
\alignsep@=\dimen145
\tagshift@=\dimen146
\tagwidth@=\dimen147
\totwidth@=\dimen148
\lineht@=\dimen149
\@envbody=\toks20
\multlinegap=\skip50
\multlinetaggap=\skip51
\mathdisplay@stack=\toks21
LaTeX Info: Redefining \[ on input line 2938.
LaTeX Info: Redefining \] on input line 2939.
)
(/usr/share/texlive/texmf-dist/tex/latex/amsfonts/amssymb.sty
Package: amssymb 2013/01/14 v3.01 AMS font symbols

(/usr/share/texlive/texmf-dist/tex/latex/amsfonts/amsfonts.sty
Package: amsfonts 2013/01/14 v3.01 Basic AMSFonts support
\symAMSa=\mathgroup6
\symAMSb=\mathgroup7
LaTeX Font Info:    Overwriting math alphabet `\mathfrak' in version `bold'
(Font)                  U/euf/m/n --> U/euf/b/n on input line 106.
))
(/usr/share/texlive/texmf-dist/tex/latex/tools/array.sty
Package: array 2021/10/04 v2.5f Tabular extension package (FMi)
\col@sep=\dimen150
\ar@mcellbox=\box52
\extrarowheight=\dimen151
\NC@list=\toks22
\extratabsurround=\skip52
\backup@length=\skip53
\ar@cellbox=\box53
)
(/usr/share/texlive/texmf-dist/tex/latex/tools/tabularx.sty
Package: tabularx 2020/01/15 v2.11c `tabularx' package (DPC)
\TX@col@width=\dimen152
\TX@old@table=\dimen153
\TX@old@col=\dimen154
\TX@target=\dimen155
\TX@delta=\dimen156
\TX@cols=\count271
\TX@ftn=\toks23
)
(/usr/share/texlive/texmf-dist/tex/latex/url/url.sty
\Urlmuskip=\muskip17
Package: url 2013/09/16  ver 3.4  Verb mode for urls, etc.
)
(/usr/share/texlive/texmf-dist/tex/latex/tools/xspace.sty
Package: xspace 2014/10/28 v1.13 Space after command names (DPC,MH)
)
(/usr/share/texlive/texmf-dist/tex/latex/subfigure/subfigure.sty
Package: subfigure 2002/03/15 v2.1.5 subfigure package
\subfigtopskip=\skip54
\subfigcapskip=\skip55
\subfigcaptopadj=\dimen157
\subfigbottomskip=\skip56
\subfigcapmargin=\dimen158
\subfiglabelskip=\skip57
\c@subfigure=\count272
\c@lofdepth=\count273
\c@subtable=\count274
\c@lotdepth=\count275

****************************************
* Local config file subfigure.cfg used *
****************************************
(/usr/share/texlive/texmf-dist/tex/latex/subfigure/subfigure.cfg)
\subfig@top=\skip58
\subfig@bottom=\skip59
)
(/usr/share/texlive/texmf-dist/tex/latex/base/ifthen.sty
Package: ifthen 2020/11/24 v1.1c Standard LaTeX ifthen package (DPC)
)
Document Class "ALICE_analysis_notes" 1.06 (8 July 2010)
\c@instfoot=\count276
(/usr/share/texlive/texmf-dist/tex/latex/truncate/truncate.sty
Package: truncate 2001/08/20  ver 3.6
\@Trunc@RestHyph=\toks24
)
(/usr/share/texlive/texmf-dist/tex/latex/fancyhdr/fancyhdr.sty
Package: fancyhdr 2021/01/28 v4.0.1 Extensive control of page headers and foote
rs
\f@nch@headwidth=\skip60
\f@nch@O@elh=\skip61
\f@nch@O@erh=\skip62
\f@nch@O@olh=\skip63
\f@nch@O@orh=\skip64
\f@nch@O@elf=\skip65
\f@nch@O@erf=\skip66
\f@nch@O@olf=\skip67
\f@nch@O@orf=\skip68
))
(/usr/share/texlive/texmf-dist/tex/latex/graphics/rotating.sty
Package: rotating 2016/08/11 v2.16d rotated objects in LaTeX
\c@r@tfl@t=\count277
\rotFPtop=\skip69
\rotFPbot=\skip70
\rot@float@box=\box54
\rot@mess@toks=\toks25
)
(/usr/share/texlive/texmf-dist/tex/latex/lineno/lineno.sty
Package: lineno 2005/11/02 line numbers on paragraphs v4.41
\linenopenalty=\count278
\output=\toks26
\linenoprevgraf=\count279
\linenumbersep=\dimen159
\linenumberwidth=\dimen160
\c@linenumber=\count280
\c@pagewiselinenumber=\count281
\c@LN@truepage=\count282
\c@internallinenumber=\count283
\c@internallinenumbers=\count284
\quotelinenumbersep=\dimen161
\bframerule=\dimen162
\bframesep=\dimen163
\bframebox=\box55
LaTeX Info: Redefining \\ on input line 3056.
)
LaTeX Font Info:    Trying to load font information for OT1+ptm on input line 4
3.

(/usr/share/texlive/texmf-dist/tex/latex/psnfss/ot1ptm.fd
File: ot1ptm.fd 2001/06/04 font definitions for OT1/ptm.
)
(/usr/share/texlive/texmf-dist/tex/latex/l3backend/l3backend-pdftex.def
File: l3backend-pdftex.def 2022-01-12 L3 backend support: PDF output (pdfTeX)
\l__color_backend_stack_int=\count285
\l__pdf_internal_box=\box56
)
(./ALICE_analysis_note.aux)
\openout1 = `ALICE_analysis_note.aux'.

LaTeX Font Info:    Checking defaults for OML/cmm/m/it on input line 43.
LaTeX Font Info:    ... okay on input line 43.
LaTeX Font Info:    Checking defaults for OMS/cmsy/m/n on input line 43.
LaTeX Font Info:    ... okay on input line 43.
LaTeX Font Info:    Checking defaults for OT1/cmr/m/n on input line 43.
LaTeX Font Info:    ... okay on input line 43.
LaTeX Font Info:    Checking defaults for T1/cmr/m/n on input line 43.
LaTeX Font Info:    ... okay on input line 43.
LaTeX Font Info:    Checking defaults for TS1/cmr/m/n on input line 43.
LaTeX Font Info:    ... okay on input line 43.
LaTeX Font Info:    Checking defaults for OMX/cmex/m/n on input line 43.
LaTeX Font Info:    ... okay on input line 43.
LaTeX Font Info:    Checking defaults for U/cmr/m/n on input line 43.
LaTeX Font Info:    ... okay on input line 43.

(/usr/share/texlive/texmf-dist/tex/context/base/mkii/supp-pdf.mkii
[Loading MPS to PDF converter (version 2006.09.02).]
\scratchcounter=\count286
\scratchdimen=\dimen164
\scratchbox=\box57
\nofMPsegments=\count287
\nofMParguments=\count288
\everyMPshowfont=\toks27
\MPscratchCnt=\count289
\MPscratchDim=\dimen165
\MPnumerator=\count290
\makeMPintoPDFobject=\count291
\everyMPtoPDFconversion=\toks28
) (/usr/share/texlive/texmf-dist/tex/latex/epstopdf-pkg/epstopdf-base.sty
Package: epstopdf-base 2020-01-24 v2.11 Base part for package epstopdf
Package epstopdf-base Info: Redefining graphics rule for `.eps' on input line 4
85.

(/usr/share/texlive/texmf-dist/tex/latex/latexconfig/epstopdf-sys.cfg
File: epstopdf-sys.cfg 2010/07/13 v1.3 Configuration of (r)epstopdf for TeX Liv
e
))
<alicelogo.pdf, id=1, 116.1138pt x 142.61281pt>
File: alicelogo.pdf Graphic file (type pdf)
<use alicelogo.pdf>
Package pdftex.def Info: alicelogo.pdf  used on input line 54.
(pdftex.def)             Requested size: 46.3313pt x 56.9055pt.
<cernlogo.pdf, id=2, 426.59375pt x 427.5975pt>
File: cernlogo.pdf Graphic file (type pdf)
<use cernlogo.pdf>
Package pdftex.def Info: cernlogo.pdf  used on input line 54.
(pdftex.def)             Requested size: 56.76749pt x 56.9055pt.
LaTeX Font Info:    Trying to load font information for OT1+ztmcm on input line
 54.

(/usr/share/texlive/texmf-dist/tex/latex/psnfss/ot1ztmcm.fd
File: ot1ztmcm.fd 2000/01/03 Fontinst v1.801 font definitions for OT1/ztmcm.
)
LaTeX Font Info:    Trying to load font information for OML+ztmcm on input line
 54.

(/usr/share/texlive/texmf-dist/tex/latex/psnfss/omlztmcm.fd
File: omlztmcm.fd 2000/01/03 Fontinst v1.801 font definitions for OML/ztmcm.
)
LaTeX Font Info:    Trying to load font information for OMS+ztmcm on input line
 54.

(/usr/share/texlive/texmf-dist/tex/latex/psnfss/omsztmcm.fd
File: omsztmcm.fd 2000/01/03 Fontinst v1.801 font definitions for OMS/ztmcm.
)
LaTeX Font Info:    Trying to load font information for OMX+ztmcm on input line
 54.

(/usr/share/texlive/texmf-dist/tex/latex/psnfss/omxztmcm.fd
File: omxztmcm.fd 2000/01/03 Fontinst v1.801 font definitions for OMX/ztmcm.
)
LaTeX Font Info:    Font shape `OT1/ptm/bx/n' in size <14.4> not available
(Font)              Font shape `OT1/ptm/b/n' tried instead on input line 54.
LaTeX Font Info:    Font shape `OT1/ptm/bx/n' in size <10.95> not available
(Font)              Font shape `OT1/ptm/b/n' tried instead on input line 54.
LaTeX Font Info:    Font shape `OT1/ptm/bx/n' in size <8> not available
(Font)              Font shape `OT1/ptm/b/n' tried instead on input line 54.
LaTeX Font Info:    Font shape `OT1/ptm/bx/n' in size <6> not available
(Font)              Font shape `OT1/ptm/b/n' tried instead on input line 57.
LaTeX Font Info:    Font shape `OT1/ptm/bx/n' in size <10> not available
(Font)              Font shape `OT1/ptm/b/n' tried instead on input line 68.
LaTeX Font Info:    Font shape `OT1/ptm/bx/n' in size <7.4> not available
(Font)              Font shape `OT1/ptm/b/n' tried instead on input line 68.
 [1


{/var/lib/texmf/fonts/map/pdftex/updmap/pdftex.map} <./alicelogo.pdf> <./cernlo
go.pdf>]
[2

] (./ALICE_analysis_note.toc)
\tf@toc=\write3
\openout3 = `ALICE_analysis_note.toc'.

 [1] [2

] (./intro.tex

LaTeX Warning: Command \textunderscore invalid in math mode on input line 12.


LaTeX Warning: Command \textunderscore invalid in math mode on input line 12.


LaTeX Warning: Command \textunderscore invalid in math mode on input line 12.


LaTeX Warning: Command \textunderscore invalid in math mode on input line 12.


Overfull \hbox (12.09773pt too wide) in paragraph at lines 12--13
\OT1/ptm/m/n/10.95 The min-i-mum bias trig-gered data of data sam-ples, LHC2016
$[]$deghjop, LHC2016$[]$kl, LHC2017$[]$cefhijklmor,
 []


LaTeX Warning: Command \textunderscore invalid in math mode on input line 20.


LaTeX Warning: Command \textunderscore invalid in math mode on input line 20.


LaTeX Warning: Command \textunderscore invalid in math mode on input line 20.


LaTeX Warning: Command \textunderscore invalid in math mode on input line 34.


LaTeX Warning: Command \textunderscore invalid in math mode on input line 34.


LaTeX Warning: Command \textunderscore invalid in math mode on input line 34.

[3]

LaTeX Warning: Command \textunderscore invalid in math mode on input line 42.


LaTeX Warning: Command \textunderscore invalid in math mode on input line 42.


LaTeX Warning: Command \textunderscore invalid in math mode on input line 42.


LaTeX Warning: Command \textunderscore invalid in math mode on input line 42.

[4]

LaTeX Warning: Command \textunderscore invalid in math mode on input line 58.


LaTeX Warning: Command \textunderscore invalid in math mode on input line 58.


LaTeX Warning: Command \textunderscore invalid in math mode on input line 58.

[5]
Underfull \vbox (badness 10000) has occurred while \output is active []

 [6]

LaTeX Warning: Command \textunderscore invalid in math mode on input line 82.


LaTeX Warning: Command \textunderscore invalid in math mode on input line 82.


LaTeX Warning: Command \textunderscore invalid in math mode on input line 82.


LaTeX Warning: Command \textunderscore invalid in math mode on input line 82.


LaTeX Warning: Command \textunderscore invalid in math mode on input line 82.


LaTeX Warning: Command \textunderscore invalid in math mode on input line 82.

[7]) (./rawyields.tex

LaTeX Warning: `!h' float specifier changed to `!ht'.

[8]
<figures/Dstar/pp13TeV/DstarInvMass_new.pdf, id=56, 569.12625pt x 442.65375pt>
File: figures/Dstar/pp13TeV/DstarInvMass_new.pdf Graphic file (type pdf)
<use figures/Dstar/pp13TeV/DstarInvMass_new.pdf>
Package pdftex.def Info: figures/Dstar/pp13TeV/DstarInvMass_new.pdf  used on in
put line 156.
(pdftex.def)             Requested size: 455.24408pt x 354.09645pt.
<figures/Dstar/pp13TeV/DstarMean-position.png, id=57, 1561.835pt x 940.51375pt>

File: figures/Dstar/pp13TeV/DstarMean-position.png Graphic file (type png)
<use figures/Dstar/pp13TeV/DstarMean-position.png>
Package pdftex.def Info: figures/Dstar/pp13TeV/DstarMean-position.png  used on 
input line 169.
(pdftex.def)             Requested size: 295.90587pt x 178.18283pt.
<figures/Dstar/pp13TeV/DstarWidth_sigma.png, id=59, 1561.835pt x 940.51375pt>
File: figures/Dstar/pp13TeV/DstarWidth_sigma.png Graphic file (type png)
<use figures/Dstar/pp13TeV/DstarWidth_sigma.png>
Package pdftex.def Info: figures/Dstar/pp13TeV/DstarWidth_sigma.png  used on in
put line 170.
(pdftex.def)             Requested size: 295.90587pt x 178.18283pt.
<figures/Dstar/pp13TeV/multi_trial/Figure_01.png, id=60, 1921.1775pt x 390.4587
6pt>
File: figures/Dstar/pp13TeV/multi_trial/Figure_01.png Graphic file (type png)
<use figures/Dstar/pp13TeV/multi_trial/Figure_01.png>
Package pdftex.def Info: figures/Dstar/pp13TeV/multi_trial/Figure_01.png  used 
on input line 180.
(pdftex.def)             Requested size: 455.24408pt x 92.52043pt.
<figures/Dstar/pp13TeV/multi_trial/residual_plot_std_bkg_func_1-1dot5GeV.png, i
d=61, 700.6175pt x 477.785pt>
File: figures/Dstar/pp13TeV/multi_trial/residual_plot_std_bkg_func_1-1dot5GeV.p
ng Graphic file (type png)
<use figures/Dstar/pp13TeV/multi_trial/residual_plot_std_bkg_func_1-1dot5GeV.pn
g>
Package pdftex.def Info: figures/Dstar/pp13TeV/multi_trial/residual_plot_std_bk
g_func_1-1dot5GeV.png  used on input line 181.
(pdftex.def)             Requested size: 145.68143pt x 99.34631pt.
<figures/Dstar/pp13TeV/multi_trial/residual_plot_std_bkg_func_1dot5-2GeV.png, i
d=62, 700.6175pt x 477.785pt>
File: figures/Dstar/pp13TeV/multi_trial/residual_plot_std_bkg_func_1dot5-2GeV.p
ng Graphic file (type png)
<use figures/Dstar/pp13TeV/multi_trial/residual_plot_std_bkg_func_1dot5-2GeV.pn
g>
Package pdftex.def Info: figures/Dstar/pp13TeV/multi_trial/residual_plot_std_bk
g_func_1dot5-2GeV.png  used on input line 182.
(pdftex.def)             Requested size: 145.68143pt x 99.34631pt.
<figures/Dstar/pp13TeV/multi_trial/residual_plot_std_bkg_func_2-2dot5GeV.png, i
d=63, 700.6175pt x 477.785pt>
File: figures/Dstar/pp13TeV/multi_trial/residual_plot_std_bkg_func_2-2dot5GeV.p
ng Graphic file (type png)
<use figures/Dstar/pp13TeV/multi_trial/residual_plot_std_bkg_func_2-2dot5GeV.pn
g>
Package pdftex.def Info: figures/Dstar/pp13TeV/multi_trial/residual_plot_std_bk
g_func_2-2dot5GeV.png  used on input line 183.
(pdftex.def)             Requested size: 145.68143pt x 99.34631pt.
File: figures/Dstar/pp13TeV/multi_trial/Figure_01.png Graphic file (type png)
<use figures/Dstar/pp13TeV/multi_trial/Figure_01.png>
Package pdftex.def Info: figures/Dstar/pp13TeV/multi_trial/Figure_01.png  used 
on input line 192.
(pdftex.def)             Requested size: 455.24408pt x 92.52043pt.
<figures/Dstar/pp13TeV/multi_trial/residual_plot_Pow_bkg_func_1-1dot5GeV.png, i
d=64, 700.6175pt x 477.785pt>
File: figures/Dstar/pp13TeV/multi_trial/residual_plot_Pow_bkg_func_1-1dot5GeV.p
ng Graphic file (type png)
<use figures/Dstar/pp13TeV/multi_trial/residual_plot_Pow_bkg_func_1-1dot5GeV.pn
g>
Package pdftex.def Info: figures/Dstar/pp13TeV/multi_trial/residual_plot_Pow_bk
g_func_1-1dot5GeV.png  used on input line 193.
(pdftex.def)             Requested size: 145.68143pt x 99.34631pt.
<figures/Dstar/pp13TeV/multi_trial/residual_plot_Pow_bkg_func_1dot5-2GeV.png, i
d=65, 700.6175pt x 477.785pt>
File: figures/Dstar/pp13TeV/multi_trial/residual_plot_Pow_bkg_func_1dot5-2GeV.p
ng Graphic file (type png)
<use figures/Dstar/pp13TeV/multi_trial/residual_plot_Pow_bkg_func_1dot5-2GeV.pn
g>
Package pdftex.def Info: figures/Dstar/pp13TeV/multi_trial/residual_plot_Pow_bk
g_func_1dot5-2GeV.png  used on input line 194.
(pdftex.def)             Requested size: 145.68143pt x 99.34631pt.
<figures/Dstar/pp13TeV/multi_trial/residual_plot_Pow_bkg_func_2-2dot5GeV.png, i
d=66, 700.6175pt x 477.785pt>
File: figures/Dstar/pp13TeV/multi_trial/residual_plot_Pow_bkg_func_2-2dot5GeV.p
ng Graphic file (type png)
<use figures/Dstar/pp13TeV/multi_trial/residual_plot_Pow_bkg_func_2-2dot5GeV.pn
g>
Package pdftex.def Info: figures/Dstar/pp13TeV/multi_trial/residual_plot_Pow_bk
g_func_2-2dot5GeV.png  used on input line 195.
(pdftex.def)             Requested size: 145.68143pt x 99.34631pt.
) (./efficiencies.tex [9]
Package epstopdf Info: Source file: <figures/Dstar/pp13TeV/DstarAccEffVsPt_pp_1
3TeV.eps>
(epstopdf)                    date: 2022-11-07 08:39:14
(epstopdf)                    size: 17477 bytes
(epstopdf)             Output file: <figures/Dstar/pp13TeV/DstarAccEffVsPt_pp_1
3TeV-eps-converted-to.pdf>
(epstopdf)                    date: 2022-11-07 08:39:14
(epstopdf)                    size: 12674 bytes
(epstopdf)             Command: <repstopdf --outfile=figures/Dstar/pp13TeV/Dsta
rAccEffVsPt_pp_13TeV-eps-converted-to.pdf figures/Dstar/pp13TeV/DstarAccEffVsPt
_pp_13TeV.eps>
(epstopdf)             \includegraphics on input line 48.
Package epstopdf Info: Output file is already uptodate.
<figures/Dstar/pp13TeV/DstarAccEffVsPt_pp_13TeV-eps-converted-to.pdf, id=71, 56
9.12625pt x 546.04pt>
File: figures/Dstar/pp13TeV/DstarAccEffVsPt_pp_13TeV-eps-converted-to.pdf Graph
ic file (type pdf)
<use figures/Dstar/pp13TeV/DstarAccEffVsPt_pp_13TeV-eps-converted-to.pdf>
Package pdftex.def Info: figures/Dstar/pp13TeV/DstarAccEffVsPt_pp_13TeV-eps-con
verted-to.pdf  used on input line 48.
(pdftex.def)             Requested size: 318.66946pt x 305.75531pt.
) (./systematics.tex [10 <./figures/Dstar/pp13TeV/DstarInvMass_new.pdf, page is
 rotated 90 degrees>] [11 <./figures/Dstar/pp13TeV/DstarMean-position.png> <./f
igures/Dstar/pp13TeV/DstarWidth_sigma.png> <./figures/Dstar/pp13TeV/multi_trial
/Figure_01.png> <./figures/Dstar/pp13TeV/multi_trial/residual_plot_std_bkg_func
_1-1dot5GeV.png> <./figures/Dstar/pp13TeV/multi_trial/residual_plot_std_bkg_fun
c_1dot5-2GeV.png> <./figures/Dstar/pp13TeV/multi_trial/residual_plot_std_bkg_fu
nc_2-2dot5GeV.png>] [12 <./figures/Dstar/pp13TeV/multi_trial/residual_plot_Pow_
bkg_func_1-1dot5GeV.png> <./figures/Dstar/pp13TeV/multi_trial/residual_plot_Pow
_bkg_func_1dot5-2GeV.png> <./figures/Dstar/pp13TeV/multi_trial/residual_plot_Po
w_bkg_func_2-2dot5GeV.png> <./figures/Dstar/pp13TeV/DstarAccEffVsPt_pp_13TeV-ep
s-converted-to.pdf>]
Overfull \hbox (23.35165pt too wide) in paragraph at lines 29--36
 [] 
 []

<figures/Dstar/pp13TeV/multi_trial/Mass_Spectra_stdBkg_1-4GeV.png, id=139, 1925
.1925pt x 778.91pt>
File: figures/Dstar/pp13TeV/multi_trial/Mass_Spectra_stdBkg_1-4GeV.png Graphic 
file (type png)
<use figures/Dstar/pp13TeV/multi_trial/Mass_Spectra_stdBkg_1-4GeV.png>
Package pdftex.def Info: figures/Dstar/pp13TeV/multi_trial/Mass_Spectra_stdBkg_
1-4GeV.png  used on input line 62.
(pdftex.def)             Requested size: 318.66946pt x 128.9187pt.
<figures/Dstar/pp13TeV/multi_trial/Mass_Spectra_stdBkg_4-7GeV.png, id=140, 1925
.1925pt x 778.91pt>
File: figures/Dstar/pp13TeV/multi_trial/Mass_Spectra_stdBkg_4-7GeV.png Graphic 
file (type png)
<use figures/Dstar/pp13TeV/multi_trial/Mass_Spectra_stdBkg_4-7GeV.png>
Package pdftex.def Info: figures/Dstar/pp13TeV/multi_trial/Mass_Spectra_stdBkg_
4-7GeV.png  used on input line 63.
(pdftex.def)             Requested size: 318.66946pt x 128.9187pt.
<figures/Dstar/pp13TeV/multi_trial/Mass_Spectra_stdBkg_7-16GeV.png, id=141, 192
5.1925pt x 778.91pt>
File: figures/Dstar/pp13TeV/multi_trial/Mass_Spectra_stdBkg_7-16GeV.png Graphic
 file (type png)
<use figures/Dstar/pp13TeV/multi_trial/Mass_Spectra_stdBkg_7-16GeV.png>
Package pdftex.def Info: figures/Dstar/pp13TeV/multi_trial/Mass_Spectra_stdBkg_
7-16GeV.png  used on input line 64.
(pdftex.def)             Requested size: 318.66946pt x 128.9187pt.
<figures/Dstar/pp13TeV/multi_trial/Mass_Spectra_stdBkg_16-50GeV.png, id=142, 19
25.1925pt x 778.91pt>
File: figures/Dstar/pp13TeV/multi_trial/Mass_Spectra_stdBkg_16-50GeV.png Graphi
c file (type png)
<use figures/Dstar/pp13TeV/multi_trial/Mass_Spectra_stdBkg_16-50GeV.png>
Package pdftex.def Info: figures/Dstar/pp13TeV/multi_trial/Mass_Spectra_stdBkg_
16-50GeV.png  used on input line 65.
(pdftex.def)             Requested size: 318.66946pt x 128.9187pt.

LaTeX Warning: `!h' float specifier changed to `!ht'.

File: figures/Dstar/pp13TeV/multi_trial/residual_plot_std_bkg_func_1-1dot5GeV.p
ng Graphic file (type png)
<use figures/Dstar/pp13TeV/multi_trial/residual_plot_std_bkg_func_1-1dot5GeV.pn
g>
Package pdftex.def Info: figures/Dstar/pp13TeV/multi_trial/residual_plot_std_bk
g_func_1-1dot5GeV.png  used on input line 77.
(pdftex.def)             Requested size: 136.5746pt x 93.13489pt.
File: figures/Dstar/pp13TeV/multi_trial/residual_plot_std_bkg_func_1dot5-2GeV.p
ng Graphic file (type png)
<use figures/Dstar/pp13TeV/multi_trial/residual_plot_std_bkg_func_1dot5-2GeV.pn
g>
Package pdftex.def Info: figures/Dstar/pp13TeV/multi_trial/residual_plot_std_bk
g_func_1dot5-2GeV.png  used on input line 78.
(pdftex.def)             Requested size: 136.5746pt x 93.13489pt.
File: figures/Dstar/pp13TeV/multi_trial/residual_plot_std_bkg_func_2-2dot5GeV.p
ng Graphic file (type png)
<use figures/Dstar/pp13TeV/multi_trial/residual_plot_std_bkg_func_2-2dot5GeV.pn
g>
Package pdftex.def Info: figures/Dstar/pp13TeV/multi_trial/residual_plot_std_bk
g_func_2-2dot5GeV.png  used on input line 79.
(pdftex.def)             Requested size: 136.5746pt x 93.13489pt.
<figures/Dstar/pp13TeV/multi_trial/residual_plot_stdBkg_func_2dot5-3GeV.png, id
=143, 700.6175pt x 477.785pt>
File: figures/Dstar/pp13TeV/multi_trial/residual_plot_stdBkg_func_2dot5-3GeV.pn
g Graphic file (type png)
<use figures/Dstar/pp13TeV/multi_trial/residual_plot_stdBkg_func_2dot5-3GeV.png
>
Package pdftex.def Info: figures/Dstar/pp13TeV/multi_trial/residual_plot_stdBkg
_func_2dot5-3GeV.png  used on input line 81.
(pdftex.def)             Requested size: 136.5746pt x 93.13489pt.
<figures/Dstar/pp13TeV/multi_trial/residual_plot_std_bkg_func_3-3dot5GeV.png, i
d=144, 700.6175pt x 477.785pt>
File: figures/Dstar/pp13TeV/multi_trial/residual_plot_std_bkg_func_3-3dot5GeV.p
ng Graphic file (type png)
<use figures/Dstar/pp13TeV/multi_trial/residual_plot_std_bkg_func_3-3dot5GeV.pn
g>
Package pdftex.def Info: figures/Dstar/pp13TeV/multi_trial/residual_plot_std_bk
g_func_3-3dot5GeV.png  used on input line 82.
(pdftex.def)             Requested size: 136.5746pt x 93.13489pt.
<figures/Dstar/pp13TeV/multi_trial/residual_plot_std_bkg_func_3dot5-4GeV.png, i
d=145, 700.6175pt x 477.785pt>
File: figures/Dstar/pp13TeV/multi_trial/residual_plot_std_bkg_func_3dot5-4GeV.p
ng Graphic file (type png)
<use figures/Dstar/pp13TeV/multi_trial/residual_plot_std_bkg_func_3dot5-4GeV.pn
g>
Package pdftex.def Info: figures/Dstar/pp13TeV/multi_trial/residual_plot_std_bk
g_func_3dot5-4GeV.png  used on input line 83.
(pdftex.def)             Requested size: 136.5746pt x 93.13489pt.
<figures/Dstar/pp13TeV/multi_trial/residual_plot_std_bkg_func_4-4dot5GeV.png, i
d=146, 700.6175pt x 477.785pt>
File: figures/Dstar/pp13TeV/multi_trial/residual_plot_std_bkg_func_4-4dot5GeV.p
ng Graphic file (type png)
<use figures/Dstar/pp13TeV/multi_trial/residual_plot_std_bkg_func_4-4dot5GeV.pn
g>
Package pdftex.def Info: figures/Dstar/pp13TeV/multi_trial/residual_plot_std_bk
g_func_4-4dot5GeV.png  used on input line 85.
(pdftex.def)             Requested size: 136.5746pt x 93.13489pt.
<figures/Dstar/pp13TeV/multi_trial/residual_plot_std_bkg_func_4dot5-5GeV.png, i
d=147, 700.6175pt x 477.785pt>
File: figures/Dstar/pp13TeV/multi_trial/residual_plot_std_bkg_func_4dot5-5GeV.p
ng Graphic file (type png)
<use figures/Dstar/pp13TeV/multi_trial/residual_plot_std_bkg_func_4dot5-5GeV.pn
g>
Package pdftex.def Info: figures/Dstar/pp13TeV/multi_trial/residual_plot_std_bk
g_func_4dot5-5GeV.png  used on input line 86.
(pdftex.def)             Requested size: 136.5746pt x 93.13489pt.
<figures/Dstar/pp13TeV/multi_trial/residual_plot_std_bkg_func_5-5dot5GeV.png, i
d=148, 700.6175pt x 477.785pt>
File: figures/Dstar/pp13TeV/multi_trial/residual_plot_std_bkg_func_5-5dot5GeV.p
ng Graphic file (type png)
<use figures/Dstar/pp13TeV/multi_trial/residual_plot_std_bkg_func_5-5dot5GeV.pn
g>
Package pdftex.def Info: figures/Dstar/pp13TeV/multi_trial/residual_plot_std_bk
g_func_5-5dot5GeV.png  used on input line 87.
(pdftex.def)             Requested size: 136.5746pt x 93.13489pt.
<figures/Dstar/pp13TeV/multi_trial/residual_plot_std_bkg_func_5dot5-6GeV.png, i
d=149, 700.6175pt x 477.785pt>
File: figures/Dstar/pp13TeV/multi_trial/residual_plot_std_bkg_func_5dot5-6GeV.p
ng Graphic file (type png)
<use figures/Dstar/pp13TeV/multi_trial/residual_plot_std_bkg_func_5dot5-6GeV.pn
g>
Package pdftex.def Info: figures/Dstar/pp13TeV/multi_trial/residual_plot_std_bk
g_func_5dot5-6GeV.png  used on input line 89.
(pdftex.def)             Requested size: 136.5746pt x 93.13489pt.
<figures/Dstar/pp13TeV/multi_trial/residual_plot_std_bkg_func_6-6dot5GeV.png, i
d=150, 700.6175pt x 477.785pt>
File: figures/Dstar/pp13TeV/multi_trial/residual_plot_std_bkg_func_6-6dot5GeV.p
ng Graphic file (type png)
<use figures/Dstar/pp13TeV/multi_trial/residual_plot_std_bkg_func_6-6dot5GeV.pn
g>
Package pdftex.def Info: figures/Dstar/pp13TeV/multi_trial/residual_plot_std_bk
g_func_6-6dot5GeV.png  used on input line 90.
(pdftex.def)             Requested size: 136.5746pt x 93.13489pt.
<figures/Dstar/pp13TeV/multi_trial/residual_plot_std_bkg_func_6dot5-7GeV.png, i
d=151, 700.6175pt x 477.785pt>
File: figures/Dstar/pp13TeV/multi_trial/residual_plot_std_bkg_func_6dot5-7GeV.p
ng Graphic file (type png)
<use figures/Dstar/pp13TeV/multi_trial/residual_plot_std_bkg_func_6dot5-7GeV.pn
g>
Package pdftex.def Info: figures/Dstar/pp13TeV/multi_trial/residual_plot_std_bk
g_func_6dot5-7GeV.png  used on input line 91.
(pdftex.def)             Requested size: 136.5746pt x 93.13489pt.
<figures/Dstar/pp13TeV/multi_trial/residual_plot_std_bkg_func_7-7dot5GeV.png, i
d=152, 700.6175pt x 477.785pt>
File: figures/Dstar/pp13TeV/multi_trial/residual_plot_std_bkg_func_7-7dot5GeV.p
ng Graphic file (type png)
<use figures/Dstar/pp13TeV/multi_trial/residual_plot_std_bkg_func_7-7dot5GeV.pn
g>
Package pdftex.def Info: figures/Dstar/pp13TeV/multi_trial/residual_plot_std_bk
g_func_7-7dot5GeV.png  used on input line 93.
(pdftex.def)             Requested size: 136.5746pt x 93.13489pt.
<figures/Dstar/pp13TeV/multi_trial/residual_plot_std_bkg_func_7dot5-8GeV.png, i
d=153, 700.6175pt x 477.785pt>
File: figures/Dstar/pp13TeV/multi_trial/residual_plot_std_bkg_func_7dot5-8GeV.p
ng Graphic file (type png)
<use figures/Dstar/pp13TeV/multi_trial/residual_plot_std_bkg_func_7dot5-8GeV.pn
g>
Package pdftex.def Info: figures/Dstar/pp13TeV/multi_trial/residual_plot_std_bk
g_func_7dot5-8GeV.png  used on input line 94.
(pdftex.def)             Requested size: 136.5746pt x 93.13489pt.
<figures/Dstar/pp13TeV/multi_trial/residual_plot_std_bkg_func_8-9GeV.png, id=15
4, 700.6175pt x 477.785pt>
File: figures/Dstar/pp13TeV/multi_trial/residual_plot_std_bkg_func_8-9GeV.png G
raphic file (type png)
<use figures/Dstar/pp13TeV/multi_trial/residual_plot_std_bkg_func_8-9GeV.png>
Package pdftex.def Info: figures/Dstar/pp13TeV/multi_trial/residual_plot_std_bk
g_func_8-9GeV.png  used on input line 95.
(pdftex.def)             Requested size: 136.5746pt x 93.13489pt.
<figures/Dstar/pp13TeV/multi_trial/residual_plot_std_bkg_func_9-10GeV.png, id=1
55, 700.6175pt x 477.785pt>
File: figures/Dstar/pp13TeV/multi_trial/residual_plot_std_bkg_func_9-10GeV.png 
Graphic file (type png)
<use figures/Dstar/pp13TeV/multi_trial/residual_plot_std_bkg_func_9-10GeV.png>
Package pdftex.def Info: figures/Dstar/pp13TeV/multi_trial/residual_plot_std_bk
g_func_9-10GeV.png  used on input line 97.
(pdftex.def)             Requested size: 136.5746pt x 93.13489pt.
<figures/Dstar/pp13TeV/multi_trial/residual_plot_std_bkg_func_10-12GeV.png, id=
156, 700.6175pt x 477.785pt>
File: figures/Dstar/pp13TeV/multi_trial/residual_plot_std_bkg_func_10-12GeV.png
 Graphic file (type png)
<use figures/Dstar/pp13TeV/multi_trial/residual_plot_std_bkg_func_10-12GeV.png>

Package pdftex.def Info: figures/Dstar/pp13TeV/multi_trial/residual_plot_std_bk
g_func_10-12GeV.png  used on input line 98.
(pdftex.def)             Requested size: 136.5746pt x 93.13489pt.
<figures/Dstar/pp13TeV/multi_trial/residual_plot_std_bkg_func_12-16GeV.png, id=
157, 700.6175pt x 477.785pt>
File: figures/Dstar/pp13TeV/multi_trial/residual_plot_std_bkg_func_12-16GeV.png
 Graphic file (type png)
<use figures/Dstar/pp13TeV/multi_trial/residual_plot_std_bkg_func_12-16GeV.png>

Package pdftex.def Info: figures/Dstar/pp13TeV/multi_trial/residual_plot_std_bk
g_func_12-16GeV.png  used on input line 99.
(pdftex.def)             Requested size: 136.5746pt x 93.13489pt.
<figures/Dstar/pp13TeV/multi_trial/residual_plot_std_bkg_func_16-24GeV.png, id=
158, 700.6175pt x 477.785pt>
File: figures/Dstar/pp13TeV/multi_trial/residual_plot_std_bkg_func_16-24GeV.png
 Graphic file (type png)
<use figures/Dstar/pp13TeV/multi_trial/residual_plot_std_bkg_func_16-24GeV.png>

Package pdftex.def Info: figures/Dstar/pp13TeV/multi_trial/residual_plot_std_bk
g_func_16-24GeV.png  used on input line 101.
(pdftex.def)             Requested size: 136.5746pt x 93.13489pt.
<figures/Dstar/pp13TeV/multi_trial/residual_plot_std_bkg_func_24-36GeV.png, id=
159, 700.6175pt x 477.785pt>
File: figures/Dstar/pp13TeV/multi_trial/residual_plot_std_bkg_func_24-36GeV.png
 Graphic file (type png)
<use figures/Dstar/pp13TeV/multi_trial/residual_plot_std_bkg_func_24-36GeV.png>

Package pdftex.def Info: figures/Dstar/pp13TeV/multi_trial/residual_plot_std_bk
g_func_24-36GeV.png  used on input line 102.
(pdftex.def)             Requested size: 136.5746pt x 93.13489pt.
<figures/Dstar/pp13TeV/multi_trial/residual_plot_std_bkg_func_36-50GeV.png, id=
160, 700.6175pt x 477.785pt>
File: figures/Dstar/pp13TeV/multi_trial/residual_plot_std_bkg_func_36-50GeV.png
 Graphic file (type png)
<use figures/Dstar/pp13TeV/multi_trial/residual_plot_std_bkg_func_36-50GeV.png>

Package pdftex.def Info: figures/Dstar/pp13TeV/multi_trial/residual_plot_std_bk
g_func_36-50GeV.png  used on input line 103.
(pdftex.def)             Requested size: 136.5746pt x 93.13489pt.

LaTeX Warning: Float too large for page by 10.843pt on input line 108.


LaTeX Warning: `!h' float specifier changed to `!ht'.

<figures/Dstar/pp13TeV/multi_trial/Mass_Spectra_PowerFuncBkg_1-4GeV.png, id=161
, 1925.1925pt x 778.91pt>
File: figures/Dstar/pp13TeV/multi_trial/Mass_Spectra_PowerFuncBkg_1-4GeV.png Gr
aphic file (type png)
<use figures/Dstar/pp13TeV/multi_trial/Mass_Spectra_PowerFuncBkg_1-4GeV.png>
Package pdftex.def Info: figures/Dstar/pp13TeV/multi_trial/Mass_Spectra_PowerFu
ncBkg_1-4GeV.png  used on input line 113.
(pdftex.def)             Requested size: 318.66946pt x 128.9187pt.
<figures/Dstar/pp13TeV/multi_trial/Mass_Spectra_PowerFuncBkg_4-7GeV.png, id=162
, 1925.1925pt x 778.91pt>
File: figures/Dstar/pp13TeV/multi_trial/Mass_Spectra_PowerFuncBkg_4-7GeV.png Gr
aphic file (type png)
<use figures/Dstar/pp13TeV/multi_trial/Mass_Spectra_PowerFuncBkg_4-7GeV.png>
Package pdftex.def Info: figures/Dstar/pp13TeV/multi_trial/Mass_Spectra_PowerFu
ncBkg_4-7GeV.png  used on input line 114.
(pdftex.def)             Requested size: 318.66946pt x 128.9187pt.
<figures/Dstar/pp13TeV/multi_trial/Mass_Spectra_PowerFuncBkg_7-16GeV.png, id=16
3, 1925.1925pt x 778.91pt>
File: figures/Dstar/pp13TeV/multi_trial/Mass_Spectra_PowerFuncBkg_7-16GeV.png G
raphic file (type png)
<use figures/Dstar/pp13TeV/multi_trial/Mass_Spectra_PowerFuncBkg_7-16GeV.png>
Package pdftex.def Info: figures/Dstar/pp13TeV/multi_trial/Mass_Spectra_PowerFu
ncBkg_7-16GeV.png  used on input line 115.
(pdftex.def)             Requested size: 318.66946pt x 128.9187pt.
<figures/Dstar/pp13TeV/multi_trial/Mass_Spectra_PowerFuncBkg_16-50GeV.png, id=1
64, 1925.1925pt x 778.91pt>
File: figures/Dstar/pp13TeV/multi_trial/Mass_Spectra_PowerFuncBkg_16-50GeV.png 
Graphic file (type png)
<use figures/Dstar/pp13TeV/multi_trial/Mass_Spectra_PowerFuncBkg_16-50GeV.png>
Package pdftex.def Info: figures/Dstar/pp13TeV/multi_trial/Mass_Spectra_PowerFu
ncBkg_16-50GeV.png  used on input line 116.
(pdftex.def)             Requested size: 318.66946pt x 128.9187pt.

LaTeX Warning: `!h' float specifier changed to `!ht'.

File: figures/Dstar/pp13TeV/multi_trial/residual_plot_Pow_bkg_func_1-1dot5GeV.p
ng Graphic file (type png)
<use figures/Dstar/pp13TeV/multi_trial/residual_plot_Pow_bkg_func_1-1dot5GeV.pn
g>
Package pdftex.def Info: figures/Dstar/pp13TeV/multi_trial/residual_plot_Pow_bk
g_func_1-1dot5GeV.png  used on input line 127.
(pdftex.def)             Requested size: 136.5746pt x 93.13489pt.
File: figures/Dstar/pp13TeV/multi_trial/residual_plot_Pow_bkg_func_1dot5-2GeV.p
ng Graphic file (type png)
<use figures/Dstar/pp13TeV/multi_trial/residual_plot_Pow_bkg_func_1dot5-2GeV.pn
g>
Package pdftex.def Info: figures/Dstar/pp13TeV/multi_trial/residual_plot_Pow_bk
g_func_1dot5-2GeV.png  used on input line 128.
(pdftex.def)             Requested size: 136.5746pt x 93.13489pt.
File: figures/Dstar/pp13TeV/multi_trial/residual_plot_Pow_bkg_func_2-2dot5GeV.p
ng Graphic file (type png)
<use figures/Dstar/pp13TeV/multi_trial/residual_plot_Pow_bkg_func_2-2dot5GeV.pn
g>
Package pdftex.def Info: figures/Dstar/pp13TeV/multi_trial/residual_plot_Pow_bk
g_func_2-2dot5GeV.png  used on input line 129.
(pdftex.def)             Requested size: 136.5746pt x 93.13489pt.
<figures/Dstar/pp13TeV/multi_trial/residual_plot_Pow_bkg_func_2dot5-3GeV.png, i
d=165, 700.6175pt x 477.785pt>
File: figures/Dstar/pp13TeV/multi_trial/residual_plot_Pow_bkg_func_2dot5-3GeV.p
ng Graphic file (type png)
<use figures/Dstar/pp13TeV/multi_trial/residual_plot_Pow_bkg_func_2dot5-3GeV.pn
g>
Package pdftex.def Info: figures/Dstar/pp13TeV/multi_trial/residual_plot_Pow_bk
g_func_2dot5-3GeV.png  used on input line 131.
(pdftex.def)             Requested size: 136.5746pt x 93.13489pt.
<figures/Dstar/pp13TeV/multi_trial/residual_plot_Pow_bkg_func_3-3dot5GeV.png, i
d=166, 700.6175pt x 477.785pt>
File: figures/Dstar/pp13TeV/multi_trial/residual_plot_Pow_bkg_func_3-3dot5GeV.p
ng Graphic file (type png)
<use figures/Dstar/pp13TeV/multi_trial/residual_plot_Pow_bkg_func_3-3dot5GeV.pn
g>
Package pdftex.def Info: figures/Dstar/pp13TeV/multi_trial/residual_plot_Pow_bk
g_func_3-3dot5GeV.png  used on input line 132.
(pdftex.def)             Requested size: 136.5746pt x 93.13489pt.
<figures/Dstar/pp13TeV/multi_trial/residual_plot_Pow_bkg_func_3dot5-4GeV.png, i
d=167, 700.6175pt x 477.785pt>
File: figures/Dstar/pp13TeV/multi_trial/residual_plot_Pow_bkg_func_3dot5-4GeV.p
ng Graphic file (type png)
<use figures/Dstar/pp13TeV/multi_trial/residual_plot_Pow_bkg_func_3dot5-4GeV.pn
g>
Package pdftex.def Info: figures/Dstar/pp13TeV/multi_trial/residual_plot_Pow_bk
g_func_3dot5-4GeV.png  used on input line 133.
(pdftex.def)             Requested size: 136.5746pt x 93.13489pt.
<figures/Dstar/pp13TeV/multi_trial/residual_plot_Pow_bkg_func_4-4dot5GeV.png, i
d=168, 700.6175pt x 477.785pt>
File: figures/Dstar/pp13TeV/multi_trial/residual_plot_Pow_bkg_func_4-4dot5GeV.p
ng Graphic file (type png)
<use figures/Dstar/pp13TeV/multi_trial/residual_plot_Pow_bkg_func_4-4dot5GeV.pn
g>
Package pdftex.def Info: figures/Dstar/pp13TeV/multi_trial/residual_plot_Pow_bk
g_func_4-4dot5GeV.png  used on input line 135.
(pdftex.def)             Requested size: 136.5746pt x 93.13489pt.
<figures/Dstar/pp13TeV/multi_trial/residual_plot_Pow_bkg_func_4dot5-5GeV.png, i
d=169, 700.6175pt x 477.785pt>
File: figures/Dstar/pp13TeV/multi_trial/residual_plot_Pow_bkg_func_4dot5-5GeV.p
ng Graphic file (type png)
<use figures/Dstar/pp13TeV/multi_trial/residual_plot_Pow_bkg_func_4dot5-5GeV.pn
g>
Package pdftex.def Info: figures/Dstar/pp13TeV/multi_trial/residual_plot_Pow_bk
g_func_4dot5-5GeV.png  used on input line 136.
(pdftex.def)             Requested size: 136.5746pt x 93.13489pt.
<figures/Dstar/pp13TeV/multi_trial/residual_plot_Pow_bkg_func_5-5dot5GeV.png, i
d=170, 700.6175pt x 477.785pt>
File: figures/Dstar/pp13TeV/multi_trial/residual_plot_Pow_bkg_func_5-5dot5GeV.p
ng Graphic file (type png)
<use figures/Dstar/pp13TeV/multi_trial/residual_plot_Pow_bkg_func_5-5dot5GeV.pn
g>
Package pdftex.def Info: figures/Dstar/pp13TeV/multi_trial/residual_plot_Pow_bk
g_func_5-5dot5GeV.png  used on input line 137.
(pdftex.def)             Requested size: 136.5746pt x 93.13489pt.
<figures/Dstar/pp13TeV/multi_trial/residual_plot_Pow_bkg_func_5dot5-6GeV.png, i
d=171, 700.6175pt x 477.785pt>
File: figures/Dstar/pp13TeV/multi_trial/residual_plot_Pow_bkg_func_5dot5-6GeV.p
ng Graphic file (type png)
<use figures/Dstar/pp13TeV/multi_trial/residual_plot_Pow_bkg_func_5dot5-6GeV.pn
g>
Package pdftex.def Info: figures/Dstar/pp13TeV/multi_trial/residual_plot_Pow_bk
g_func_5dot5-6GeV.png  used on input line 139.
(pdftex.def)             Requested size: 136.5746pt x 93.13489pt.
<figures/Dstar/pp13TeV/multi_trial/residual_plot_Pow_bkg_func_6-6dot5GeV.png, i
d=172, 700.6175pt x 477.785pt>
File: figures/Dstar/pp13TeV/multi_trial/residual_plot_Pow_bkg_func_6-6dot5GeV.p
ng Graphic file (type png)
<use figures/Dstar/pp13TeV/multi_trial/residual_plot_Pow_bkg_func_6-6dot5GeV.pn
g>
Package pdftex.def Info: figures/Dstar/pp13TeV/multi_trial/residual_plot_Pow_bk
g_func_6-6dot5GeV.png  used on input line 140.
(pdftex.def)             Requested size: 136.5746pt x 93.13489pt.
<figures/Dstar/pp13TeV/multi_trial/residual_plot_Pow_bkg_func_6dot5-7GeV.png, i
d=173, 700.6175pt x 477.785pt>
File: figures/Dstar/pp13TeV/multi_trial/residual_plot_Pow_bkg_func_6dot5-7GeV.p
ng Graphic file (type png)
<use figures/Dstar/pp13TeV/multi_trial/residual_plot_Pow_bkg_func_6dot5-7GeV.pn
g>
Package pdftex.def Info: figures/Dstar/pp13TeV/multi_trial/residual_plot_Pow_bk
g_func_6dot5-7GeV.png  used on input line 141.
(pdftex.def)             Requested size: 136.5746pt x 93.13489pt.
<figures/Dstar/pp13TeV/multi_trial/residual_plot_Pow_bkg_func_7-7dot5GeV.png, i
d=174, 700.6175pt x 477.785pt>
File: figures/Dstar/pp13TeV/multi_trial/residual_plot_Pow_bkg_func_7-7dot5GeV.p
ng Graphic file (type png)
<use figures/Dstar/pp13TeV/multi_trial/residual_plot_Pow_bkg_func_7-7dot5GeV.pn
g>
Package pdftex.def Info: figures/Dstar/pp13TeV/multi_trial/residual_plot_Pow_bk
g_func_7-7dot5GeV.png  used on input line 143.
(pdftex.def)             Requested size: 136.5746pt x 93.13489pt.
<figures/Dstar/pp13TeV/multi_trial/residual_plot_Pow_bkg_func_7dot5-8GeV.png, i
d=175, 700.6175pt x 477.785pt>
File: figures/Dstar/pp13TeV/multi_trial/residual_plot_Pow_bkg_func_7dot5-8GeV.p
ng Graphic file (type png)
<use figures/Dstar/pp13TeV/multi_trial/residual_plot_Pow_bkg_func_7dot5-8GeV.pn
g>
Package pdftex.def Info: figures/Dstar/pp13TeV/multi_trial/residual_plot_Pow_bk
g_func_7dot5-8GeV.png  used on input line 144.
(pdftex.def)             Requested size: 136.5746pt x 93.13489pt.
<figures/Dstar/pp13TeV/multi_trial/residual_plot_Pow_bkg_func_8-9GeV.png, id=17
6, 700.6175pt x 477.785pt>
File: figures/Dstar/pp13TeV/multi_trial/residual_plot_Pow_bkg_func_8-9GeV.png G
raphic file (type png)
<use figures/Dstar/pp13TeV/multi_trial/residual_plot_Pow_bkg_func_8-9GeV.png>
Package pdftex.def Info: figures/Dstar/pp13TeV/multi_trial/residual_plot_Pow_bk
g_func_8-9GeV.png  used on input line 145.
(pdftex.def)             Requested size: 136.5746pt x 93.13489pt.
<figures/Dstar/pp13TeV/multi_trial/residual_plot_Pow_bkg_func_9-10GeV.png, id=1
77, 700.6175pt x 477.785pt>
File: figures/Dstar/pp13TeV/multi_trial/residual_plot_Pow_bkg_func_9-10GeV.png 
Graphic file (type png)
<use figures/Dstar/pp13TeV/multi_trial/residual_plot_Pow_bkg_func_9-10GeV.png>
Package pdftex.def Info: figures/Dstar/pp13TeV/multi_trial/residual_plot_Pow_bk
g_func_9-10GeV.png  used on input line 147.
(pdftex.def)             Requested size: 136.5746pt x 93.13489pt.
<figures/Dstar/pp13TeV/multi_trial/residual_plot_Pow_bkg_func_10-12GeV.png, id=
178, 700.6175pt x 477.785pt>
File: figures/Dstar/pp13TeV/multi_trial/residual_plot_Pow_bkg_func_10-12GeV.png
 Graphic file (type png)
<use figures/Dstar/pp13TeV/multi_trial/residual_plot_Pow_bkg_func_10-12GeV.png>

Package pdftex.def Info: figures/Dstar/pp13TeV/multi_trial/residual_plot_Pow_bk
g_func_10-12GeV.png  used on input line 148.
(pdftex.def)             Requested size: 136.5746pt x 93.13489pt.
<figures/Dstar/pp13TeV/multi_trial/residual_plot_Pow_bkg_func_12-16GeV.png, id=
179, 700.6175pt x 477.785pt>
File: figures/Dstar/pp13TeV/multi_trial/residual_plot_Pow_bkg_func_12-16GeV.png
 Graphic file (type png)
<use figures/Dstar/pp13TeV/multi_trial/residual_plot_Pow_bkg_func_12-16GeV.png>

Package pdftex.def Info: figures/Dstar/pp13TeV/multi_trial/residual_plot_Pow_bk
g_func_12-16GeV.png  used on input line 149.
(pdftex.def)             Requested size: 136.5746pt x 93.13489pt.
<figures/Dstar/pp13TeV/multi_trial/residual_plot_Pow_bkg_func_16-24GeV.png, id=
180, 700.6175pt x 477.785pt>
File: figures/Dstar/pp13TeV/multi_trial/residual_plot_Pow_bkg_func_16-24GeV.png
 Graphic file (type png)
<use figures/Dstar/pp13TeV/multi_trial/residual_plot_Pow_bkg_func_16-24GeV.png>

Package pdftex.def Info: figures/Dstar/pp13TeV/multi_trial/residual_plot_Pow_bk
g_func_16-24GeV.png  used on input line 151.
(pdftex.def)             Requested size: 136.5746pt x 93.13489pt.
<figures/Dstar/pp13TeV/multi_trial/residual_plot_Pow_bkg_func_24-36GeV.png, id=
181, 700.6175pt x 477.785pt>
File: figures/Dstar/pp13TeV/multi_trial/residual_plot_Pow_bkg_func_24-36GeV.png
 Graphic file (type png)
<use figures/Dstar/pp13TeV/multi_trial/residual_plot_Pow_bkg_func_24-36GeV.png>

Package pdftex.def Info: figures/Dstar/pp13TeV/multi_trial/residual_plot_Pow_bk
g_func_24-36GeV.png  used on input line 152.
(pdftex.def)             Requested size: 136.5746pt x 93.13489pt.
<figures/Dstar/pp13TeV/multi_trial/residual_plot_Pow_bkg_func_36-50GeV.png, id=
182, 700.6175pt x 477.785pt>
File: figures/Dstar/pp13TeV/multi_trial/residual_plot_Pow_bkg_func_36-50GeV.png
 Graphic file (type png)
<use figures/Dstar/pp13TeV/multi_trial/residual_plot_Pow_bkg_func_36-50GeV.png>

Package pdftex.def Info: figures/Dstar/pp13TeV/multi_trial/residual_plot_Pow_bk
g_func_36-50GeV.png  used on input line 153.
(pdftex.def)             Requested size: 136.5746pt x 93.13489pt.

LaTeX Warning: Float too large for page by 10.843pt on input line 158.


LaTeX Warning: `!h' float specifier changed to `!ht'.

Package epstopdf Info: Source file: <figures/Dstar/pp13TeV/multi_trial/MultiFit
_bkg4-Okt24_1-1.eps>
(epstopdf)                    date: 2022-11-07 08:39:14
(epstopdf)                    size: 174572 bytes
(epstopdf)             Output file: <figures/Dstar/pp13TeV/multi_trial/MultiFit
_bkg4-Okt24_1-1-eps-converted-to.pdf>
(epstopdf)                    date: 2022-11-07 08:39:14
(epstopdf)                    size: 140343 bytes
(epstopdf)             Command: <repstopdf --outfile=figures/Dstar/pp13TeV/mult
i_trial/MultiFit_bkg4-Okt24_1-1-eps-converted-to.pdf figures/Dstar/pp13TeV/mult
i_trial/MultiFit_bkg4-Okt24_1-1.eps>
(epstopdf)             \includegraphics on input line 169.
Package epstopdf Info: Output file is already uptodate.
<figures/Dstar/pp13TeV/multi_trial/MultiFit_bkg4-Okt24_1-1-eps-converted-to.pdf
, id=183, 569.12625pt x 313.17pt>
File: figures/Dstar/pp13TeV/multi_trial/MultiFit_bkg4-Okt24_1-1-eps-converted-t
o.pdf Graphic file (type pdf)
<use figures/Dstar/pp13TeV/multi_trial/MultiFit_bkg4-Okt24_1-1-eps-converted-to
.pdf>
Package pdftex.def Info: figures/Dstar/pp13TeV/multi_trial/MultiFit_bkg4-Okt24_
1-1-eps-converted-to.pdf  used on input line 169.
(pdftex.def)             Requested size: 309.56264pt x 170.34692pt.
Package epstopdf Info: Source file: <figures/Dstar/pp13TeV/multi_trial/MultiFit
_bkg5-Okt24_1-2.eps>
(epstopdf)                    date: 2022-11-07 08:39:14
(epstopdf)                    size: 485736 bytes
(epstopdf)             Output file: <figures/Dstar/pp13TeV/multi_trial/MultiFit
_bkg5-Okt24_1-2-eps-converted-to.pdf>
(epstopdf)                    date: 2022-11-07 08:39:14
(epstopdf)                    size: 344873 bytes
(epstopdf)             Command: <repstopdf --outfile=figures/Dstar/pp13TeV/mult
i_trial/MultiFit_bkg5-Okt24_1-2-eps-converted-to.pdf figures/Dstar/pp13TeV/mult
i_trial/MultiFit_bkg5-Okt24_1-2.eps>
(epstopdf)             \includegraphics on input line 170.
Package epstopdf Info: Output file is already uptodate.
<figures/Dstar/pp13TeV/multi_trial/MultiFit_bkg5-Okt24_1-2-eps-converted-to.pdf
, id=184, 569.12625pt x 313.17pt>
File: figures/Dstar/pp13TeV/multi_trial/MultiFit_bkg5-Okt24_1-2-eps-converted-t
o.pdf Graphic file (type pdf)
<use figures/Dstar/pp13TeV/multi_trial/MultiFit_bkg5-Okt24_1-2-eps-converted-to
.pdf>
Package pdftex.def Info: figures/Dstar/pp13TeV/multi_trial/MultiFit_bkg5-Okt24_
1-2-eps-converted-to.pdf  used on input line 170.
(pdftex.def)             Requested size: 309.56264pt x 170.34692pt.
Package epstopdf Info: Source file: <figures/Dstar/pp13TeV/multi_trial/MultiFit
_bkg4-24Okt_2-2.eps>
(epstopdf)                    date: 2022-11-07 08:39:14
(epstopdf)                    size: 482070 bytes
(epstopdf)             Output file: <figures/Dstar/pp13TeV/multi_trial/MultiFit
_bkg4-24Okt_2-2-eps-converted-to.pdf>
(epstopdf)                    date: 2022-11-07 08:39:14
(epstopdf)                    size: 310563 bytes
(epstopdf)             Command: <repstopdf --outfile=figures/Dstar/pp13TeV/mult
i_trial/MultiFit_bkg4-24Okt_2-2-eps-converted-to.pdf figures/Dstar/pp13TeV/mult
i_trial/MultiFit_bkg4-24Okt_2-2.eps>
(epstopdf)             \includegraphics on input line 171.
Package epstopdf Info: Output file is already uptodate.
<figures/Dstar/pp13TeV/multi_trial/MultiFit_bkg4-24Okt_2-2-eps-converted-to.pdf
, id=185, 569.12625pt x 313.17pt>
File: figures/Dstar/pp13TeV/multi_trial/MultiFit_bkg4-24Okt_2-2-eps-converted-t
o.pdf Graphic file (type pdf)
<use figures/Dstar/pp13TeV/multi_trial/MultiFit_bkg4-24Okt_2-2-eps-converted-to
.pdf>
Package pdftex.def Info: figures/Dstar/pp13TeV/multi_trial/MultiFit_bkg4-24Okt_
2-2-eps-converted-to.pdf  used on input line 171.
(pdftex.def)             Requested size: 309.56264pt x 170.34692pt.
Package epstopdf Info: Source file: <figures/Dstar/pp13TeV/multi_trial/MultiFit
_bkg5_2-3.eps>
(epstopdf)                    date: 2022-11-07 08:39:14
(epstopdf)                    size: 328788 bytes
(epstopdf)             Output file: <figures/Dstar/pp13TeV/multi_trial/MultiFit
_bkg5_2-3-eps-converted-to.pdf>
(epstopdf)                    date: 2022-11-07 08:39:14
(epstopdf)                    size: 219306 bytes
(epstopdf)             Command: <repstopdf --outfile=figures/Dstar/pp13TeV/mult
i_trial/MultiFit_bkg5_2-3-eps-converted-to.pdf figures/Dstar/pp13TeV/multi_tria
l/MultiFit_bkg5_2-3.eps>
(epstopdf)             \includegraphics on input line 172.
Package epstopdf Info: Output file is already uptodate.
<figures/Dstar/pp13TeV/multi_trial/MultiFit_bkg5_2-3-eps-converted-to.pdf, id=1
86, 569.12625pt x 313.17pt>
File: figures/Dstar/pp13TeV/multi_trial/MultiFit_bkg5_2-3-eps-converted-to.pdf 
Graphic file (type pdf)
<use figures/Dstar/pp13TeV/multi_trial/MultiFit_bkg5_2-3-eps-converted-to.pdf>
Package pdftex.def Info: figures/Dstar/pp13TeV/multi_trial/MultiFit_bkg5_2-3-ep
s-converted-to.pdf  used on input line 172.
(pdftex.def)             Requested size: 309.56264pt x 170.34692pt.

LaTeX Warning: Float too large for page by 62.4365pt on input line 179.


LaTeX Warning: `!h' float specifier changed to `!ht'.

Package epstopdf Info: Source file: <figures/Dstar/pp13TeV/multi_trial/MultiFit
_bkg5_3-3.eps>
(epstopdf)                    date: 2022-11-07 08:39:14
(epstopdf)                    size: 327760 bytes
(epstopdf)             Output file: <figures/Dstar/pp13TeV/multi_trial/MultiFit
_bkg5_3-3-eps-converted-to.pdf>
(epstopdf)                    date: 2022-11-07 08:39:14
(epstopdf)                    size: 214064 bytes
(epstopdf)             Command: <repstopdf --outfile=figures/Dstar/pp13TeV/mult
i_trial/MultiFit_bkg5_3-3-eps-converted-to.pdf figures/Dstar/pp13TeV/multi_tria
l/MultiFit_bkg5_3-3.eps>
(epstopdf)             \includegraphics on input line 184.
Package epstopdf Info: Output file is already uptodate.
<figures/Dstar/pp13TeV/multi_trial/MultiFit_bkg5_3-3-eps-converted-to.pdf, id=1
87, 569.12625pt x 313.17pt>
File: figures/Dstar/pp13TeV/multi_trial/MultiFit_bkg5_3-3-eps-converted-to.pdf 
Graphic file (type pdf)
<use figures/Dstar/pp13TeV/multi_trial/MultiFit_bkg5_3-3-eps-converted-to.pdf>
Package pdftex.def Info: figures/Dstar/pp13TeV/multi_trial/MultiFit_bkg5_3-3-ep
s-converted-to.pdf  used on input line 184.
(pdftex.def)             Requested size: 309.56264pt x 170.34692pt.
Package epstopdf Info: Source file: <figures/Dstar/pp13TeV/multi_trial/MultiFit
_bkg5_3-4.eps>
(epstopdf)                    date: 2022-11-07 08:39:14
(epstopdf)                    size: 327689 bytes
(epstopdf)             Output file: <figures/Dstar/pp13TeV/multi_trial/MultiFit
_bkg5_3-4-eps-converted-to.pdf>
(epstopdf)                    date: 2022-11-07 08:39:14
(epstopdf)                    size: 217744 bytes
(epstopdf)             Command: <repstopdf --outfile=figures/Dstar/pp13TeV/mult
i_trial/MultiFit_bkg5_3-4-eps-converted-to.pdf figures/Dstar/pp13TeV/multi_tria
l/MultiFit_bkg5_3-4.eps>
(epstopdf)             \includegraphics on input line 185.
Package epstopdf Info: Output file is already uptodate.
<figures/Dstar/pp13TeV/multi_trial/MultiFit_bkg5_3-4-eps-converted-to.pdf, id=1
88, 569.12625pt x 313.17pt>
File: figures/Dstar/pp13TeV/multi_trial/MultiFit_bkg5_3-4-eps-converted-to.pdf 
Graphic file (type pdf)
<use figures/Dstar/pp13TeV/multi_trial/MultiFit_bkg5_3-4-eps-converted-to.pdf>
Package pdftex.def Info: figures/Dstar/pp13TeV/multi_trial/MultiFit_bkg5_3-4-ep
s-converted-to.pdf  used on input line 185.
(pdftex.def)             Requested size: 309.56264pt x 170.34692pt.
Package epstopdf Info: Source file: <figures/Dstar/pp13TeV/multi_trial/MultiFit
_bkg5_4-4.eps>
(epstopdf)                    date: 2022-11-07 08:39:14
(epstopdf)                    size: 328218 bytes
(epstopdf)             Output file: <figures/Dstar/pp13TeV/multi_trial/MultiFit
_bkg5_4-4-eps-converted-to.pdf>
(epstopdf)                    date: 2022-11-07 08:39:14
(epstopdf)                    size: 209525 bytes
(epstopdf)             Command: <repstopdf --outfile=figures/Dstar/pp13TeV/mult
i_trial/MultiFit_bkg5_4-4-eps-converted-to.pdf figures/Dstar/pp13TeV/multi_tria
l/MultiFit_bkg5_4-4.eps>
(epstopdf)             \includegraphics on input line 186.
Package epstopdf Info: Output file is already uptodate.
<figures/Dstar/pp13TeV/multi_trial/MultiFit_bkg5_4-4-eps-converted-to.pdf, id=1
89, 569.12625pt x 313.17pt>
File: figures/Dstar/pp13TeV/multi_trial/MultiFit_bkg5_4-4-eps-converted-to.pdf 
Graphic file (type pdf)
<use figures/Dstar/pp13TeV/multi_trial/MultiFit_bkg5_4-4-eps-converted-to.pdf>
Package pdftex.def Info: figures/Dstar/pp13TeV/multi_trial/MultiFit_bkg5_4-4-ep
s-converted-to.pdf  used on input line 186.
(pdftex.def)             Requested size: 309.56264pt x 170.34692pt.
Package epstopdf Info: Source file: <figures/Dstar/pp13TeV/multi_trial/MultiFit
_bkg5_4-5.eps>
(epstopdf)                    date: 2022-11-07 08:39:14
(epstopdf)                    size: 327996 bytes
(epstopdf)             Output file: <figures/Dstar/pp13TeV/multi_trial/MultiFit
_bkg5_4-5-eps-converted-to.pdf>
(epstopdf)                    date: 2022-11-07 08:39:14
(epstopdf)                    size: 219983 bytes
(epstopdf)             Command: <repstopdf --outfile=figures/Dstar/pp13TeV/mult
i_trial/MultiFit_bkg5_4-5-eps-converted-to.pdf figures/Dstar/pp13TeV/multi_tria
l/MultiFit_bkg5_4-5.eps>
(epstopdf)             \includegraphics on input line 187.
Package epstopdf Info: Output file is already uptodate.
<figures/Dstar/pp13TeV/multi_trial/MultiFit_bkg5_4-5-eps-converted-to.pdf, id=1
90, 569.12625pt x 313.17pt>
File: figures/Dstar/pp13TeV/multi_trial/MultiFit_bkg5_4-5-eps-converted-to.pdf 
Graphic file (type pdf)
<use figures/Dstar/pp13TeV/multi_trial/MultiFit_bkg5_4-5-eps-converted-to.pdf>
Package pdftex.def Info: figures/Dstar/pp13TeV/multi_trial/MultiFit_bkg5_4-5-ep
s-converted-to.pdf  used on input line 187.
(pdftex.def)             Requested size: 309.56264pt x 170.34692pt.

LaTeX Warning: Float too large for page by 62.4365pt on input line 191.


LaTeX Warning: `!h' float specifier changed to `!ht'.

Package epstopdf Info: Source file: <figures/Dstar/pp13TeV/multi_trial/MultiFit
_bkg5_5-5.eps>
(epstopdf)                    date: 2022-11-07 08:39:14
(epstopdf)                    size: 328313 bytes
(epstopdf)             Output file: <figures/Dstar/pp13TeV/multi_trial/MultiFit
_bkg5_5-5-eps-converted-to.pdf>
(epstopdf)                    date: 2022-11-07 08:39:14
(epstopdf)                    size: 209603 bytes
(epstopdf)             Command: <repstopdf --outfile=figures/Dstar/pp13TeV/mult
i_trial/MultiFit_bkg5_5-5-eps-converted-to.pdf figures/Dstar/pp13TeV/multi_tria
l/MultiFit_bkg5_5-5.eps>
(epstopdf)             \includegraphics on input line 195.
Package epstopdf Info: Output file is already uptodate.
<figures/Dstar/pp13TeV/multi_trial/MultiFit_bkg5_5-5-eps-converted-to.pdf, id=1
91, 569.12625pt x 313.17pt>
File: figures/Dstar/pp13TeV/multi_trial/MultiFit_bkg5_5-5-eps-converted-to.pdf 
Graphic file (type pdf)
<use figures/Dstar/pp13TeV/multi_trial/MultiFit_bkg5_5-5-eps-converted-to.pdf>
Package pdftex.def Info: figures/Dstar/pp13TeV/multi_trial/MultiFit_bkg5_5-5-ep
s-converted-to.pdf  used on input line 195.
(pdftex.def)             Requested size: 309.56264pt x 170.34692pt.
Package epstopdf Info: Source file: <figures/Dstar/pp13TeV/multi_trial/MultiFit
_bkg5_5-6.eps>
(epstopdf)                    date: 2022-11-07 08:39:14
(epstopdf)                    size: 328808 bytes
(epstopdf)             Output file: <figures/Dstar/pp13TeV/multi_trial/MultiFit
_bkg5_5-6-eps-converted-to.pdf>
(epstopdf)                    date: 2022-11-07 08:39:14
(epstopdf)                    size: 198355 bytes
(epstopdf)             Command: <repstopdf --outfile=figures/Dstar/pp13TeV/mult
i_trial/MultiFit_bkg5_5-6-eps-converted-to.pdf figures/Dstar/pp13TeV/multi_tria
l/MultiFit_bkg5_5-6.eps>
(epstopdf)             \includegraphics on input line 196.
Package epstopdf Info: Output file is already uptodate.
<figures/Dstar/pp13TeV/multi_trial/MultiFit_bkg5_5-6-eps-converted-to.pdf, id=1
92, 569.12625pt x 313.17pt>
File: figures/Dstar/pp13TeV/multi_trial/MultiFit_bkg5_5-6-eps-converted-to.pdf 
Graphic file (type pdf)
<use figures/Dstar/pp13TeV/multi_trial/MultiFit_bkg5_5-6-eps-converted-to.pdf>
Package pdftex.def Info: figures/Dstar/pp13TeV/multi_trial/MultiFit_bkg5_5-6-ep
s-converted-to.pdf  used on input line 196.
(pdftex.def)             Requested size: 309.56264pt x 170.34692pt.
Package epstopdf Info: Source file: <figures/Dstar/pp13TeV/multi_trial/MultiFit
_bkg5_6-6.eps>
(epstopdf)                    date: 2022-11-07 08:39:14
(epstopdf)                    size: 328591 bytes
(epstopdf)             Output file: <figures/Dstar/pp13TeV/multi_trial/MultiFit
_bkg5_6-6-eps-converted-to.pdf>
(epstopdf)                    date: 2022-11-07 08:39:14
(epstopdf)                    size: 216634 bytes
(epstopdf)             Command: <repstopdf --outfile=figures/Dstar/pp13TeV/mult
i_trial/MultiFit_bkg5_6-6-eps-converted-to.pdf figures/Dstar/pp13TeV/multi_tria
l/MultiFit_bkg5_6-6.eps>
(epstopdf)             \includegraphics on input line 197.
Package epstopdf Info: Output file is already uptodate.
<figures/Dstar/pp13TeV/multi_trial/MultiFit_bkg5_6-6-eps-converted-to.pdf, id=1
93, 569.12625pt x 313.17pt>
File: figures/Dstar/pp13TeV/multi_trial/MultiFit_bkg5_6-6-eps-converted-to.pdf 
Graphic file (type pdf)
<use figures/Dstar/pp13TeV/multi_trial/MultiFit_bkg5_6-6-eps-converted-to.pdf>
Package pdftex.def Info: figures/Dstar/pp13TeV/multi_trial/MultiFit_bkg5_6-6-ep
s-converted-to.pdf  used on input line 197.
(pdftex.def)             Requested size: 309.56264pt x 170.34692pt.
Package epstopdf Info: Source file: <figures/Dstar/pp13TeV/multi_trial/MultiFit
_bkg5_6-7.eps>
(epstopdf)                    date: 2022-11-07 08:39:14
(epstopdf)                    size: 329038 bytes
(epstopdf)             Output file: <figures/Dstar/pp13TeV/multi_trial/MultiFit
_bkg5_6-7-eps-converted-to.pdf>
(epstopdf)                    date: 2022-11-07 08:39:14
(epstopdf)                    size: 214588 bytes
(epstopdf)             Command: <repstopdf --outfile=figures/Dstar/pp13TeV/mult
i_trial/MultiFit_bkg5_6-7-eps-converted-to.pdf figures/Dstar/pp13TeV/multi_tria
l/MultiFit_bkg5_6-7.eps>
(epstopdf)             \includegraphics on input line 198.
Package epstopdf Info: Output file is already uptodate.
<figures/Dstar/pp13TeV/multi_trial/MultiFit_bkg5_6-7-eps-converted-to.pdf, id=1
94, 569.12625pt x 313.17pt>
File: figures/Dstar/pp13TeV/multi_trial/MultiFit_bkg5_6-7-eps-converted-to.pdf 
Graphic file (type pdf)
<use figures/Dstar/pp13TeV/multi_trial/MultiFit_bkg5_6-7-eps-converted-to.pdf>
Package pdftex.def Info: figures/Dstar/pp13TeV/multi_trial/MultiFit_bkg5_6-7-ep
s-converted-to.pdf  used on input line 198.
(pdftex.def)             Requested size: 309.56264pt x 170.34692pt.

LaTeX Warning: Float too large for page by 62.4365pt on input line 202.


LaTeX Warning: `!h' float specifier changed to `!ht'.

Package epstopdf Info: Source file: <figures/Dstar/pp13TeV/multi_trial/MultiFit
_bkg5_7-7.eps>
(epstopdf)                    date: 2022-11-07 08:39:14
(epstopdf)                    size: 328479 bytes
(epstopdf)             Output file: <figures/Dstar/pp13TeV/multi_trial/MultiFit
_bkg5_7-7-eps-converted-to.pdf>
(epstopdf)                    date: 2022-11-07 08:39:14
(epstopdf)                    size: 224696 bytes
(epstopdf)             Command: <repstopdf --outfile=figures/Dstar/pp13TeV/mult
i_trial/MultiFit_bkg5_7-7-eps-converted-to.pdf figures/Dstar/pp13TeV/multi_tria
l/MultiFit_bkg5_7-7.eps>
(epstopdf)             \includegraphics on input line 207.
Package epstopdf Info: Output file is already uptodate.
<figures/Dstar/pp13TeV/multi_trial/MultiFit_bkg5_7-7-eps-converted-to.pdf, id=1
95, 569.12625pt x 313.17pt>
File: figures/Dstar/pp13TeV/multi_trial/MultiFit_bkg5_7-7-eps-converted-to.pdf 
Graphic file (type pdf)
<use figures/Dstar/pp13TeV/multi_trial/MultiFit_bkg5_7-7-eps-converted-to.pdf>
Package pdftex.def Info: figures/Dstar/pp13TeV/multi_trial/MultiFit_bkg5_7-7-ep
s-converted-to.pdf  used on input line 207.
(pdftex.def)             Requested size: 309.56264pt x 170.34692pt.
Package epstopdf Info: Source file: <figures/Dstar/pp13TeV/multi_trial/MultiFit
_bkg5_7-8.eps>
(epstopdf)                    date: 2022-11-07 08:39:14
(epstopdf)                    size: 327692 bytes
(epstopdf)             Output file: <figures/Dstar/pp13TeV/multi_trial/MultiFit
_bkg5_7-8-eps-converted-to.pdf>
(epstopdf)                    date: 2022-11-07 08:39:14
(epstopdf)                    size: 199281 bytes
(epstopdf)             Command: <repstopdf --outfile=figures/Dstar/pp13TeV/mult
i_trial/MultiFit_bkg5_7-8-eps-converted-to.pdf figures/Dstar/pp13TeV/multi_tria
l/MultiFit_bkg5_7-8.eps>
(epstopdf)             \includegraphics on input line 208.
Package epstopdf Info: Output file is already uptodate.
<figures/Dstar/pp13TeV/multi_trial/MultiFit_bkg5_7-8-eps-converted-to.pdf, id=1
96, 569.12625pt x 313.17pt>
File: figures/Dstar/pp13TeV/multi_trial/MultiFit_bkg5_7-8-eps-converted-to.pdf 
Graphic file (type pdf)
<use figures/Dstar/pp13TeV/multi_trial/MultiFit_bkg5_7-8-eps-converted-to.pdf>
Package pdftex.def Info: figures/Dstar/pp13TeV/multi_trial/MultiFit_bkg5_7-8-ep
s-converted-to.pdf  used on input line 208.
(pdftex.def)             Requested size: 309.56264pt x 170.34692pt.
Package epstopdf Info: Source file: <figures/Dstar/pp13TeV/multi_trial/MultiFit
_bkg5_8-9.eps>
(epstopdf)                    date: 2022-11-07 08:39:14
(epstopdf)                    size: 328153 bytes
(epstopdf)             Output file: <figures/Dstar/pp13TeV/multi_trial/MultiFit
_bkg5_8-9-eps-converted-to.pdf>
(epstopdf)                    date: 2022-11-07 08:39:14
(epstopdf)                    size: 206015 bytes
(epstopdf)             Command: <repstopdf --outfile=figures/Dstar/pp13TeV/mult
i_trial/MultiFit_bkg5_8-9-eps-converted-to.pdf figures/Dstar/pp13TeV/multi_tria
l/MultiFit_bkg5_8-9.eps>
(epstopdf)             \includegraphics on input line 209.
Package epstopdf Info: Output file is already uptodate.
<figures/Dstar/pp13TeV/multi_trial/MultiFit_bkg5_8-9-eps-converted-to.pdf, id=1
97, 569.12625pt x 313.17pt>
File: figures/Dstar/pp13TeV/multi_trial/MultiFit_bkg5_8-9-eps-converted-to.pdf 
Graphic file (type pdf)
<use figures/Dstar/pp13TeV/multi_trial/MultiFit_bkg5_8-9-eps-converted-to.pdf>
Package pdftex.def Info: figures/Dstar/pp13TeV/multi_trial/MultiFit_bkg5_8-9-ep
s-converted-to.pdf  used on input line 209.
(pdftex.def)             Requested size: 309.56264pt x 170.34692pt.
Package epstopdf Info: Source file: <figures/Dstar/pp13TeV/multi_trial/MultiFit
_bkg5_9-10.eps>
(epstopdf)                    date: 2022-11-07 08:39:14
(epstopdf)                    size: 327395 bytes
(epstopdf)             Output file: <figures/Dstar/pp13TeV/multi_trial/MultiFit
_bkg5_9-10-eps-converted-to.pdf>
(epstopdf)                    date: 2022-11-07 08:39:14
(epstopdf)                    size: 207519 bytes
(epstopdf)             Command: <repstopdf --outfile=figures/Dstar/pp13TeV/mult
i_trial/MultiFit_bkg5_9-10-eps-converted-to.pdf figures/Dstar/pp13TeV/multi_tri
al/MultiFit_bkg5_9-10.eps>
(epstopdf)             \includegraphics on input line 210.
Package epstopdf Info: Output file is already uptodate.
<figures/Dstar/pp13TeV/multi_trial/MultiFit_bkg5_9-10-eps-converted-to.pdf, id=
198, 569.12625pt x 313.17pt>
File: figures/Dstar/pp13TeV/multi_trial/MultiFit_bkg5_9-10-eps-converted-to.pdf
 Graphic file (type pdf)
<use figures/Dstar/pp13TeV/multi_trial/MultiFit_bkg5_9-10-eps-converted-to.pdf>

Package pdftex.def Info: figures/Dstar/pp13TeV/multi_trial/MultiFit_bkg5_9-10-e
ps-converted-to.pdf  used on input line 210.
(pdftex.def)             Requested size: 309.56264pt x 170.34692pt.

LaTeX Warning: Float too large for page by 62.4365pt on input line 214.


LaTeX Warning: `!h' float specifier changed to `!ht'.

Package epstopdf Info: Source file: <figures/Dstar/pp13TeV/multi_trial/MultiFit
_bkg5_10-12.eps>
(epstopdf)                    date: 2022-11-07 08:39:14
(epstopdf)                    size: 327654 bytes
(epstopdf)             Output file: <figures/Dstar/pp13TeV/multi_trial/MultiFit
_bkg5_10-12-eps-converted-to.pdf>
(epstopdf)                    date: 2022-11-07 08:39:14
(epstopdf)                    size: 199430 bytes
(epstopdf)             Command: <repstopdf --outfile=figures/Dstar/pp13TeV/mult
i_trial/MultiFit_bkg5_10-12-eps-converted-to.pdf figures/Dstar/pp13TeV/multi_tr
ial/MultiFit_bkg5_10-12.eps>
(epstopdf)             \includegraphics on input line 220.
Package epstopdf Info: Output file is already uptodate.
<figures/Dstar/pp13TeV/multi_trial/MultiFit_bkg5_10-12-eps-converted-to.pdf, id
=199, 569.12625pt x 313.17pt>
File: figures/Dstar/pp13TeV/multi_trial/MultiFit_bkg5_10-12-eps-converted-to.pd
f Graphic file (type pdf)
<use figures/Dstar/pp13TeV/multi_trial/MultiFit_bkg5_10-12-eps-converted-to.pdf
>
Package pdftex.def Info: figures/Dstar/pp13TeV/multi_trial/MultiFit_bkg5_10-12-
eps-converted-to.pdf  used on input line 220.
(pdftex.def)             Requested size: 273.14922pt x 150.31032pt.
Package epstopdf Info: Source file: <figures/Dstar/pp13TeV/multi_trial/MultiFit
_bkg5_12-16.eps>
(epstopdf)                    date: 2022-11-07 08:39:14
(epstopdf)                    size: 327924 bytes
(epstopdf)             Output file: <figures/Dstar/pp13TeV/multi_trial/MultiFit
_bkg5_12-16-eps-converted-to.pdf>
(epstopdf)                    date: 2022-11-07 08:39:14
(epstopdf)                    size: 203737 bytes
(epstopdf)             Command: <repstopdf --outfile=figures/Dstar/pp13TeV/mult
i_trial/MultiFit_bkg5_12-16-eps-converted-to.pdf figures/Dstar/pp13TeV/multi_tr
ial/MultiFit_bkg5_12-16.eps>
(epstopdf)             \includegraphics on input line 221.
Package epstopdf Info: Output file is already uptodate.
<figures/Dstar/pp13TeV/multi_trial/MultiFit_bkg5_12-16-eps-converted-to.pdf, id
=200, 569.12625pt x 313.17pt>
File: figures/Dstar/pp13TeV/multi_trial/MultiFit_bkg5_12-16-eps-converted-to.pd
f Graphic file (type pdf)
<use figures/Dstar/pp13TeV/multi_trial/MultiFit_bkg5_12-16-eps-converted-to.pdf
>
Package pdftex.def Info: figures/Dstar/pp13TeV/multi_trial/MultiFit_bkg5_12-16-
eps-converted-to.pdf  used on input line 221.
(pdftex.def)             Requested size: 273.14922pt x 150.31032pt.
Package epstopdf Info: Source file: <figures/Dstar/pp13TeV/multi_trial/MultiFit
_bkg5_16-24.eps>
(epstopdf)                    date: 2022-11-07 08:39:14
(epstopdf)                    size: 334525 bytes
(epstopdf)             Output file: <figures/Dstar/pp13TeV/multi_trial/MultiFit
_bkg5_16-24-eps-converted-to.pdf>
(epstopdf)                    date: 2022-11-07 08:39:14
(epstopdf)                    size: 204573 bytes
(epstopdf)             Command: <repstopdf --outfile=figures/Dstar/pp13TeV/mult
i_trial/MultiFit_bkg5_16-24-eps-converted-to.pdf figures/Dstar/pp13TeV/multi_tr
ial/MultiFit_bkg5_16-24.eps>
(epstopdf)             \includegraphics on input line 222.
Package epstopdf Info: Output file is already uptodate.
<figures/Dstar/pp13TeV/multi_trial/MultiFit_bkg5_16-24-eps-converted-to.pdf, id
=201, 569.12625pt x 313.17pt>
File: figures/Dstar/pp13TeV/multi_trial/MultiFit_bkg5_16-24-eps-converted-to.pd
f Graphic file (type pdf)
<use figures/Dstar/pp13TeV/multi_trial/MultiFit_bkg5_16-24-eps-converted-to.pdf
>
Package pdftex.def Info: figures/Dstar/pp13TeV/multi_trial/MultiFit_bkg5_16-24-
eps-converted-to.pdf  used on input line 222.
(pdftex.def)             Requested size: 273.14922pt x 150.31032pt.
Package epstopdf Info: Source file: <figures/Dstar/pp13TeV/multi_trial/MultiFit
_bkg5_24-36.eps>
(epstopdf)                    date: 2022-11-07 08:39:14
(epstopdf)                    size: 333744 bytes
(epstopdf)             Output file: <figures/Dstar/pp13TeV/multi_trial/MultiFit
_bkg5_24-36-eps-converted-to.pdf>
(epstopdf)                    date: 2022-11-07 08:39:14
(epstopdf)                    size: 242018 bytes
(epstopdf)             Command: <repstopdf --outfile=figures/Dstar/pp13TeV/mult
i_trial/MultiFit_bkg5_24-36-eps-converted-to.pdf figures/Dstar/pp13TeV/multi_tr
ial/MultiFit_bkg5_24-36.eps>
(epstopdf)             \includegraphics on input line 223.
Package epstopdf Info: Output file is already uptodate.
<figures/Dstar/pp13TeV/multi_trial/MultiFit_bkg5_24-36-eps-converted-to.pdf, id
=202, 569.12625pt x 313.17pt>
File: figures/Dstar/pp13TeV/multi_trial/MultiFit_bkg5_24-36-eps-converted-to.pd
f Graphic file (type pdf)
<use figures/Dstar/pp13TeV/multi_trial/MultiFit_bkg5_24-36-eps-converted-to.pdf
>
Package pdftex.def Info: figures/Dstar/pp13TeV/multi_trial/MultiFit_bkg5_24-36-
eps-converted-to.pdf  used on input line 223.
(pdftex.def)             Requested size: 227.62204pt x 125.25143pt.
Package epstopdf Info: Source file: <figures/Dstar/pp13TeV/multi_trial/MultiFit
_bkg5_36-50.eps>
(epstopdf)                    date: 2022-11-07 08:39:14
(epstopdf)                    size: 334192 bytes
(epstopdf)             Output file: <figures/Dstar/pp13TeV/multi_trial/MultiFit
_bkg5_36-50-eps-converted-to.pdf>
(epstopdf)                    date: 2022-11-07 08:39:14
(epstopdf)                    size: 233201 bytes
(epstopdf)             Command: <repstopdf --outfile=figures/Dstar/pp13TeV/mult
i_trial/MultiFit_bkg5_36-50-eps-converted-to.pdf figures/Dstar/pp13TeV/multi_tr
ial/MultiFit_bkg5_36-50.eps>
(epstopdf)             \includegraphics on input line 224.
Package epstopdf Info: Output file is already uptodate.
<figures/Dstar/pp13TeV/multi_trial/MultiFit_bkg5_36-50-eps-converted-to.pdf, id
=203, 569.12625pt x 313.17pt>
File: figures/Dstar/pp13TeV/multi_trial/MultiFit_bkg5_36-50-eps-converted-to.pd
f Graphic file (type pdf)
<use figures/Dstar/pp13TeV/multi_trial/MultiFit_bkg5_36-50-eps-converted-to.pdf
>
Package pdftex.def Info: figures/Dstar/pp13TeV/multi_trial/MultiFit_bkg5_36-50-
eps-converted-to.pdf  used on input line 224.
(pdftex.def)             Requested size: 227.62204pt x 125.25143pt.

LaTeX Warning: Float too large for page by 83.48262pt on input line 228.


LaTeX Warning: `!h' float specifier changed to `!ht'.

<figures/Dstar/pp13TeV/multi_trial/multi_bin_bkg4alt_1-1dot5GeV.png, id=204, 19
25.1925pt x 995.72pt>
File: figures/Dstar/pp13TeV/multi_trial/multi_bin_bkg4alt_1-1dot5GeV.png Graphi
c file (type png)
<use figures/Dstar/pp13TeV/multi_trial/multi_bin_bkg4alt_1-1dot5GeV.png>
Package pdftex.def Info: figures/Dstar/pp13TeV/multi_trial/multi_bin_bkg4alt_1-
1dot5GeV.png  used on input line 234.
(pdftex.def)             Requested size: 318.66946pt x 164.80328pt.
<figures/Dstar/pp13TeV/multi_trial/multi_bin_bkg4std_1-1dot5GeV.png, id=205, 19
25.1925pt x 995.72pt>
File: figures/Dstar/pp13TeV/multi_trial/multi_bin_bkg4std_1-1dot5GeV.png Graphi
c file (type png)
<use figures/Dstar/pp13TeV/multi_trial/multi_bin_bkg4std_1-1dot5GeV.png>
Package pdftex.def Info: figures/Dstar/pp13TeV/multi_trial/multi_bin_bkg4std_1-
1dot5GeV.png  used on input line 235.
(pdftex.def)             Requested size: 318.66946pt x 164.80328pt.
<figures/Dstar/pp13TeV/multi_trial/multi_bin_bkg5alt_1dot5-2GeV.png, id=206, 19
25.1925pt x 995.72pt>
File: figures/Dstar/pp13TeV/multi_trial/multi_bin_bkg5alt_1dot5-2GeV.png Graphi
c file (type png)
<use figures/Dstar/pp13TeV/multi_trial/multi_bin_bkg5alt_1dot5-2GeV.png>
Package pdftex.def Info: figures/Dstar/pp13TeV/multi_trial/multi_bin_bkg5alt_1d
ot5-2GeV.png  used on input line 236.
(pdftex.def)             Requested size: 318.66946pt x 164.80328pt.
<figures/Dstar/pp13TeV/multi_trial/multi_bin_bkg5std_1dot5-2GeV.png, id=207, 19
25.1925pt x 995.72pt>
File: figures/Dstar/pp13TeV/multi_trial/multi_bin_bkg5std_1dot5-2GeV.png Graphi
c file (type png)
<use figures/Dstar/pp13TeV/multi_trial/multi_bin_bkg5std_1dot5-2GeV.png>
Package pdftex.def Info: figures/Dstar/pp13TeV/multi_trial/multi_bin_bkg5std_1d
ot5-2GeV.png  used on input line 237.
(pdftex.def)             Requested size: 318.66946pt x 164.80328pt.

LaTeX Warning: Float too large for page by 15.11192pt on input line 242.


LaTeX Warning: `!h' float specifier changed to `!ht'.

[13

] [14 <./figures/Dstar/pp13TeV/multi_trial/Mass_Spectra_stdBkg_1-4GeV.png> <./f
igures/Dstar/pp13TeV/multi_trial/Mass_Spectra_stdBkg_4-7GeV.png> <./figures/Dst
ar/pp13TeV/multi_trial/Mass_Spectra_stdBkg_7-16GeV.png> <./figures/Dstar/pp13Te
V/multi_trial/Mass_Spectra_stdBkg_16-50GeV.png>] [15 <./figures/Dstar/pp13TeV/m
ulti_trial/residual_plot_stdBkg_func_2dot5-3GeV.png> <./figures/Dstar/pp13TeV/m
ulti_trial/residual_plot_std_bkg_func_3-3dot5GeV.png> <./figures/Dstar/pp13TeV/
multi_trial/residual_plot_std_bkg_func_3dot5-4GeV.png> <./figures/Dstar/pp13TeV
/multi_trial/residual_plot_std_bkg_func_4-4dot5GeV.png> <./figures/Dstar/pp13Te
V/multi_trial/residual_plot_std_bkg_func_4dot5-5GeV.png> <./figures/Dstar/pp13T
eV/multi_trial/residual_plot_std_bkg_func_5-5dot5GeV.png> <./figures/Dstar/pp13
TeV/multi_trial/residual_plot_std_bkg_func_5dot5-6GeV.png> <./figures/Dstar/pp1
3TeV/multi_trial/residual_plot_std_bkg_func_6-6dot5GeV.png> <./figures/Dstar/pp
13TeV/multi_trial/residual_plot_std_bkg_func_6dot5-7GeV.png> <./figures/Dstar/p
p13TeV/multi_trial/residual_plot_std_bkg_func_7-7dot5GeV.png> <./figures/Dstar/
pp13TeV/multi_trial/residual_plot_std_bkg_func_7dot5-8GeV.png> <./figures/Dstar
/pp13TeV/multi_trial/residual_plot_std_bkg_func_8-9GeV.png> <./figures/Dstar/pp
13TeV/multi_trial/residual_plot_std_bkg_func_9-10GeV.png> <./figures/Dstar/pp13
TeV/multi_trial/residual_plot_std_bkg_func_10-12GeV.png> <./figures/Dstar/pp13T
eV/multi_trial/residual_plot_std_bkg_func_12-16GeV.png> <./figures/Dstar/pp13Te
V/multi_trial/residual_plot_std_bkg_func_16-24GeV.png> <./figures/Dstar/pp13TeV
/multi_trial/residual_plot_std_bkg_func_24-36GeV.png> <./figures/Dstar/pp13TeV/
multi_trial/residual_plot_std_bkg_func_36-50GeV.png>] [16 <./figures/Dstar/pp13
TeV/multi_trial/Mass_Spectra_PowerFuncBkg_1-4GeV.png> <./figures/Dstar/pp13TeV/
multi_trial/Mass_Spectra_PowerFuncBkg_4-7GeV.png> <./figures/Dstar/pp13TeV/mult
i_trial/Mass_Spectra_PowerFuncBkg_7-16GeV.png> <./figures/Dstar/pp13TeV/multi_t
rial/Mass_Spectra_PowerFuncBkg_16-50GeV.png>] [17 <./figures/Dstar/pp13TeV/mult
i_trial/residual_plot_Pow_bkg_func_2dot5-3GeV.png> <./figures/Dstar/pp13TeV/mul
ti_trial/residual_plot_Pow_bkg_func_3-3dot5GeV.png> <./figures/Dstar/pp13TeV/mu
lti_trial/residual_plot_Pow_bkg_func_3dot5-4GeV.png> <./figures/Dstar/pp13TeV/m
ulti_trial/residual_plot_Pow_bkg_func_4-4dot5GeV.png> <./figures/Dstar/pp13TeV/
multi_trial/residual_plot_Pow_bkg_func_4dot5-5GeV.png> <./figures/Dstar/pp13TeV
/multi_trial/residual_plot_Pow_bkg_func_5-5dot5GeV.png> <./figures/Dstar/pp13Te
V/multi_trial/residual_plot_Pow_bkg_func_5dot5-6GeV.png> <./figures/Dstar/pp13T
eV/multi_trial/residual_plot_Pow_bkg_func_6-6dot5GeV.png> <./figures/Dstar/pp13
TeV/multi_trial/residual_plot_Pow_bkg_func_6dot5-7GeV.png> <./figures/Dstar/pp1
3TeV/multi_trial/residual_plot_Pow_bkg_func_7-7dot5GeV.png> <./figures/Dstar/pp
13TeV/multi_trial/residual_plot_Pow_bkg_func_7dot5-8GeV.png> <./figures/Dstar/p
p13TeV/multi_trial/residual_plot_Pow_bkg_func_8-9GeV.png> <./figures/Dstar/pp13
TeV/multi_trial/residual_plot_Pow_bkg_func_9-10GeV.png> <./figures/Dstar/pp13Te
V/multi_trial/residual_plot_Pow_bkg_func_10-12GeV.png> <./figures/Dstar/pp13TeV
/multi_trial/residual_plot_Pow_bkg_func_12-16GeV.png> <./figures/Dstar/pp13TeV/
multi_trial/residual_plot_Pow_bkg_func_16-24GeV.png> <./figures/Dstar/pp13TeV/m
ulti_trial/residual_plot_Pow_bkg_func_24-36GeV.png> <./figures/Dstar/pp13TeV/mu
lti_trial/residual_plot_Pow_bkg_func_36-50GeV.png>] [18 <./figures/Dstar/pp13Te
V/multi_trial/MultiFit_bkg4-Okt24_1-1-eps-converted-to.pdf> <./figures/Dstar/pp
13TeV/multi_trial/MultiFit_bkg5-Okt24_1-2-eps-converted-to.pdf> <./figures/Dsta
r/pp13TeV/multi_trial/MultiFit_bkg4-24Okt_2-2-eps-converted-to.pdf> <./figures/
Dstar/pp13TeV/multi_trial/MultiFit_bkg5_2-3-eps-converted-to.pdf>] [19 <./figur
es/Dstar/pp13TeV/multi_trial/MultiFit_bkg5_3-3-eps-converted-to.pdf> <./figures
/Dstar/pp13TeV/multi_trial/MultiFit_bkg5_3-4-eps-converted-to.pdf> <./figures/D
star/pp13TeV/multi_trial/MultiFit_bkg5_4-4-eps-converted-to.pdf> <./figures/Dst
ar/pp13TeV/multi_trial/MultiFit_bkg5_4-5-eps-converted-to.pdf>] [20 <./figures/
Dstar/pp13TeV/multi_trial/MultiFit_bkg5_5-5-eps-converted-to.pdf> <./figures/Ds
tar/pp13TeV/multi_trial/MultiFit_bkg5_5-6-eps-converted-to.pdf> <./figures/Dsta
r/pp13TeV/multi_trial/MultiFit_bkg5_6-6-eps-converted-to.pdf> <./figures/Dstar/
pp13TeV/multi_trial/MultiFit_bkg5_6-7-eps-converted-to.pdf>] [21 <./figures/Dst
ar/pp13TeV/multi_trial/MultiFit_bkg5_7-7-eps-converted-to.pdf> <./figures/Dstar
/pp13TeV/multi_trial/MultiFit_bkg5_7-8-eps-converted-to.pdf> <./figures/Dstar/p
p13TeV/multi_trial/MultiFit_bkg5_8-9-eps-converted-to.pdf> <./figures/Dstar/pp1
3TeV/multi_trial/MultiFit_bkg5_9-10-eps-converted-to.pdf>] [22 <./figures/Dstar
/pp13TeV/multi_trial/MultiFit_bkg5_10-12-eps-converted-to.pdf> <./figures/Dstar
/pp13TeV/multi_trial/MultiFit_bkg5_12-16-eps-converted-to.pdf> <./figures/Dstar
/pp13TeV/multi_trial/MultiFit_bkg5_16-24-eps-converted-to.pdf> <./figures/Dstar
/pp13TeV/multi_trial/MultiFit_bkg5_24-36-eps-converted-to.pdf> <./figures/Dstar
/pp13TeV/multi_trial/MultiFit_bkg5_36-50-eps-converted-to.pdf>] [23 <./figures/
Dstar/pp13TeV/multi_trial/multi_bin_bkg4alt_1-1dot5GeV.png> <./figures/Dstar/pp
13TeV/multi_trial/multi_bin_bkg4std_1-1dot5GeV.png> <./figures/Dstar/pp13TeV/mu
lti_trial/multi_bin_bkg5alt_1dot5-2GeV.png> <./figures/Dstar/pp13TeV/multi_tria
l/multi_bin_bkg5std_1dot5-2GeV.png>]
<figures/Dstar/pp13TeV/signal-cut-variation.pdf, id=581, 569.12625pt x 273.02pt
>
File: figures/Dstar/pp13TeV/signal-cut-variation.pdf Graphic file (type pdf)
<use figures/Dstar/pp13TeV/signal-cut-variation.pdf>
Package pdftex.def Info: figures/Dstar/pp13TeV/signal-cut-variation.pdf  used o
n input line 339.
(pdftex.def)             Requested size: 364.19664pt x 174.7197pt.
<figures/Dstar/pp13TeV/signal-ratio-cut-variation.pdf, id=582, 569.12625pt x 27
3.02pt>
File: figures/Dstar/pp13TeV/signal-ratio-cut-variation.pdf Graphic file (type p
df)
<use figures/Dstar/pp13TeV/signal-ratio-cut-variation.pdf>
Package pdftex.def Info: figures/Dstar/pp13TeV/signal-ratio-cut-variation.pdf  
used on input line 340.
(pdftex.def)             Requested size: 364.19664pt x 174.7197pt.
<figures/Dstar/pp13TeV/prompt-ratio-cut-variation.pdf, id=583, 569.12625pt x 27
3.02pt>
File: figures/Dstar/pp13TeV/prompt-ratio-cut-variation.pdf Graphic file (type p
df)
<use figures/Dstar/pp13TeV/prompt-ratio-cut-variation.pdf>
Package pdftex.def Info: figures/Dstar/pp13TeV/prompt-ratio-cut-variation.pdf  
used on input line 341.
(pdftex.def)             Requested size: 364.19664pt x 174.7197pt.
<figures/Dstar/pp13TeV/corrected-yield-ratio-cut-var-v2.pdf, id=584, 569.12625p
t x 273.02pt>
File: figures/Dstar/pp13TeV/corrected-yield-ratio-cut-var-v2.pdf Graphic file (
type pdf)
<use figures/Dstar/pp13TeV/corrected-yield-ratio-cut-var-v2.pdf>
Package pdftex.def Info: figures/Dstar/pp13TeV/corrected-yield-ratio-cut-var-v2
.pdf  used on input line 342.
(pdftex.def)             Requested size: 364.19664pt x 174.7197pt.


LaTeX Warning: Float too large for page by 54.77757pt on input line 346.

[24

] [25 <./figures/Dstar/pp13TeV/signal-cut-variation.pdf, page is rotated 90 deg
rees> <./figures/Dstar/pp13TeV/signal-ratio-cut-variation.pdf, page is rotated 
90 degrees> <./figures/Dstar/pp13TeV/prompt-ratio-cut-variation.pdf, page is ro
tated 90 degrees> <./figures/Dstar/pp13TeV/corrected-yield-ratio-cut-var-v2.pdf
, page is rotated 90 degrees>]

LaTeX Warning: Reference `fig:DsPtWeights010' on page 26 undefined on input lin
e 357.


LaTeX Warning: Reference `fig:DsPtWeights3050' on page 26 undefined on input li
ne 357.


LaTeX Warning: Reference `fig:DsPtShapeSyst010' on page 26 undefined on input l
ine 357.


LaTeX Warning: Reference `fig:DsPtShapeSyst3050' on page 26 undefined on input 
line 357.

<figures/Dstar/pp13TeV/MCpTShape_syst.png, id=764, 957.5775pt x 1001.7425pt>
File: figures/Dstar/pp13TeV/MCpTShape_syst.png Graphic file (type png)
<use figures/Dstar/pp13TeV/MCpTShape_syst.png>
Package pdftex.def Info: figures/Dstar/pp13TeV/MCpTShape_syst.png  used on inpu
t line 366.
(pdftex.def)             Requested size: 364.19664pt x 380.98709pt.
<figures/Dstar/pp13TeV/ratio-cross-section-MC-pT-shpae.pdf, id=765, 569.12625pt
 x 273.02pt>
File: figures/Dstar/pp13TeV/ratio-cross-section-MC-pT-shpae.pdf Graphic file (t
ype pdf)
<use figures/Dstar/pp13TeV/ratio-cross-section-MC-pT-shpae.pdf>
Package pdftex.def Info: figures/Dstar/pp13TeV/ratio-cross-section-MC-pT-shpae.
pdf  used on input line 367.
(pdftex.def)             Requested size: 432.48048pt x 207.47652pt.
[26

] [27] [28 <./figures/Dstar/pp13TeV/MCpTShape_syst.png> <./figures/Dstar/pp13Te
V/ratio-cross-section-MC-pT-shpae.pdf, page is rotated 90 degrees>]

LaTeX Warning: Reference `fig:NsigmaTPCuncorr18r' on page 29 undefined on input
 line 438.


LaTeX Warning: Reference `fig:NsigmaTPCcorr' on page 29 undefined on input line
 438.

<figures/Dstar/pp13TeV/rawyield_ratio_PID_noPID-new.pdf, id=819, 569.12625pt x 
273.02pt>
File: figures/Dstar/pp13TeV/rawyield_ratio_PID_noPID-new.pdf Graphic file (type
 pdf)
<use figures/Dstar/pp13TeV/rawyield_ratio_PID_noPID-new.pdf>
Package pdftex.def Info: figures/Dstar/pp13TeV/rawyield_ratio_PID_noPID-new.pdf
  used on input line 442.
(pdftex.def)             Requested size: 364.19664pt x 174.7197pt.
<figures/Dstar/pp13TeV/prompt_PID_noPID_ratio-v3.pdf, id=820, 569.12625pt x 273
.02pt>
File: figures/Dstar/pp13TeV/prompt_PID_noPID_ratio-v3.pdf Graphic file (type pd
f)
<use figures/Dstar/pp13TeV/prompt_PID_noPID_ratio-v3.pdf>
Package pdftex.def Info: figures/Dstar/pp13TeV/prompt_PID_noPID_ratio-v3.pdf  u
sed on input line 443.
(pdftex.def)             Requested size: 364.19664pt x 174.7197pt.
<figures/Dstar/pp13TeV/cross-section-comaprison-PID-noPID.pdf, id=821, 569.1262
5pt x 273.02pt>
File: figures/Dstar/pp13TeV/cross-section-comaprison-PID-noPID.pdf Graphic file
 (type pdf)
<use figures/Dstar/pp13TeV/cross-section-comaprison-PID-noPID.pdf>
Package pdftex.def Info: figures/Dstar/pp13TeV/cross-section-comaprison-PID-noP
ID.pdf  used on input line 444.
(pdftex.def)             Requested size: 364.19664pt x 174.7197pt.
<figures/Dstar/pp13TeV/cross-section-ratio_PID_noPID-updated.pdf, id=822, 569.1
2625pt x 273.02pt>
File: figures/Dstar/pp13TeV/cross-section-ratio_PID_noPID-updated.pdf Graphic f
ile (type pdf)
<use figures/Dstar/pp13TeV/cross-section-ratio_PID_noPID-updated.pdf>
Package pdftex.def Info: figures/Dstar/pp13TeV/cross-section-ratio_PID_noPID-up
dated.pdf  used on input line 445.
(pdftex.def)             Requested size: 364.19664pt x 174.7197pt.

LaTeX Warning: Float too large for page by 54.77757pt on input line 449.


LaTeX Warning: Reference `fig:effPionPID' on page 29 undefined on input line 45
2.


LaTeX Warning: Reference `fig:effKaonPID' on page 29 undefined on input line 45
2.


LaTeX Warning: Reference `fig:DsPIDsyst' on page 29 undefined on input line 455
.


LaTeX Warning: Reference `fig:DsPIDsystStrong' on page 29 undefined on input li
ne 455.


LaTeX Warning: Reference `fig:DzeroPIDsyst' on page 29 undefined on input line 
455.

[29

] [30 <./figures/Dstar/pp13TeV/rawyield_ratio_PID_noPID-new.pdf, page is rotate
d 90 degrees> <./figures/Dstar/pp13TeV/prompt_PID_noPID_ratio-v3.pdf, page is r
otated 90 degrees> <./figures/Dstar/pp13TeV/cross-section-comaprison-PID-noPID.
pdf, page is rotated 90 degrees> <./figures/Dstar/pp13TeV/cross-section-ratio_P
ID_noPID-updated.pdf, page is rotated 90 degrees>]

LaTeX Warning: Reference `' on page 31 undefined on input line 469.

<figures/Dstar/pp13TeV/corrected-yield-ratio-tracking-Dstar-D0-single-track.pdf
, id=1003, 569.12625pt x 273.02pt>
File: figures/Dstar/pp13TeV/corrected-yield-ratio-tracking-Dstar-D0-single-trac
k.pdf Graphic file (type pdf)
<use figures/Dstar/pp13TeV/corrected-yield-ratio-tracking-Dstar-D0-single-track
.pdf>
Package pdftex.def Info: figures/Dstar/pp13TeV/corrected-yield-ratio-tracking-D
star-D0-single-track.pdf  used on input line 474.
(pdftex.def)             Requested size: 409.71689pt x 196.55759pt.
<figures/Dstar/pp13TeV/tracking-soft-pion-ratio-cross-section.pdf, id=1004, 569
.12625pt x 273.02pt>
File: figures/Dstar/pp13TeV/tracking-soft-pion-ratio-cross-section.pdf Graphic 
file (type pdf)
<use figures/Dstar/pp13TeV/tracking-soft-pion-ratio-cross-section.pdf>
Package pdftex.def Info: figures/Dstar/pp13TeV/tracking-soft-pion-ratio-cross-s
ection.pdf  used on input line 475.
(pdftex.def)             Requested size: 409.71689pt x 196.55759pt.

LaTeX Warning: Reference `fig:DsTrackSyst' on page 31 undefined on input line 4
81.

<figures/Dstar/pp13TeV/Dstar-ME-eff-final.pdf, id=1005, 569.12625pt x 462.72874
pt>
File: figures/Dstar/pp13TeV/Dstar-ME-eff-final.pdf Graphic file (type pdf)
<use figures/Dstar/pp13TeV/Dstar-ME-eff-final.pdf>
Package pdftex.def Info: figures/Dstar/pp13TeV/Dstar-ME-eff-final.pdf  used on 
input line 486.
(pdftex.def)             Requested size: 409.71689pt x 333.1362pt.
) (./feeddown.tex

LaTeX Warning: Reference `fig:Dsfeeddown010' on page 31 undefined on input line
 36.


LaTeX Warning: Reference `fig:Dsfeeddown3050' on page 31 undefined on input lin
e 36.


LaTeX Warning: Reference `fig:Dzerofeeddown_cent' on page 31 undefined on input
 line 39.


LaTeX Warning: Reference `fig:Dzerofeeddown_semicent' on page 31 undefined on i
nput line 39.


LaTeX Warning: Reference `fig:Dzerofeeddown_cent' on page 31 undefined on input
 line 39.


LaTeX Warning: Reference `fig:Dzerofeeddown_semicent' on page 31 undefined on i
nput line 39.

[31

]
<figures/Dstar/pp13TeV/feed-down-syst-Dstar.pdf, id=1010, 569.12625pt x 377.41p
t>
File: figures/Dstar/pp13TeV/feed-down-syst-Dstar.pdf Graphic file (type pdf)
<use figures/Dstar/pp13TeV/feed-down-syst-Dstar.pdf>
Package pdftex.def Info: figures/Dstar/pp13TeV/feed-down-syst-Dstar.pdf  used o
n input line 47.
(pdftex.def)             Requested size: 409.71689pt x 271.71194pt.
Package epstopdf Info: Source file: <figures/Dstar/pp13TeV/RelativeSystematics.
eps>
(epstopdf)                    date: 2022-11-07 08:39:14
(epstopdf)                    size: 22581 bytes
(epstopdf)             Output file: <figures/Dstar/pp13TeV/RelativeSystematics-
eps-converted-to.pdf>
(epstopdf)                    date: 2022-11-07 08:39:14
(epstopdf)                    size: 12136 bytes
(epstopdf)             Command: <repstopdf --outfile=figures/Dstar/pp13TeV/Rela
tiveSystematics-eps-converted-to.pdf figures/Dstar/pp13TeV/RelativeSystematics.
eps>
(epstopdf)             \includegraphics on input line 58.
Package epstopdf Info: Output file is already uptodate.
<figures/Dstar/pp13TeV/RelativeSystematics-eps-converted-to.pdf, id=1011, 569.1
2625pt x 328.22626pt>
File: figures/Dstar/pp13TeV/RelativeSystematics-eps-converted-to.pdf Graphic fi
le (type pdf)
<use figures/Dstar/pp13TeV/RelativeSystematics-eps-converted-to.pdf>
Package pdftex.def Info: figures/Dstar/pp13TeV/RelativeSystematics-eps-converte
d-to.pdf  used on input line 58.
(pdftex.def)             Requested size: 455.24408pt x 262.56133pt.
) (./resultsstd.tex
Underfull \vbox (badness 10000) has occurred while \output is active []

 [32 <./figures/Dstar/pp13TeV/corrected-yield-ratio-tracking-Dstar-D0-single-tr
ack.pdf, page is rotated 90 degrees> <./figures/Dstar/pp13TeV/tracking-soft-pio
n-ratio-cross-section.pdf, page is rotated 90 degrees>]
<figures/Dstar/pp13TeV/cross-setion-pp13TeV.png, id=1102, 800.9925pt x 778.91pt
>
File: figures/Dstar/pp13TeV/cross-setion-pp13TeV.png Graphic file (type png)
<use figures/Dstar/pp13TeV/cross-setion-pp13TeV.png>
Package pdftex.def Info: figures/Dstar/pp13TeV/cross-setion-pp13TeV.png  used o
n input line 11.
(pdftex.def)             Requested size: 295.90587pt x 287.75244pt.
<figures/Dstar/pp13TeV/comparison_plt_dstar.png, id=1103, 1001.7425pt x 778.91p
t>
File: figures/Dstar/pp13TeV/comparison_plt_dstar.png Graphic file (type png)
<use figures/Dstar/pp13TeV/comparison_plt_dstar.png>
Package pdftex.def Info: figures/Dstar/pp13TeV/comparison_plt_dstar.png  used o
n input line 25.
(pdftex.def)             Requested size: 295.90587pt x 230.08548pt.
<figures/Dstar/pp13TeV/cross-section-pp13TeV-final-systematics.pdf, id=1104, 56
9.12625pt x 624.3325pt>
File: figures/Dstar/pp13TeV/cross-section-pp13TeV-final-systematics.pdf Graphic
 file (type pdf)
<use figures/Dstar/pp13TeV/cross-section-pp13TeV-final-systematics.pdf>
Package pdftex.def Info: figures/Dstar/pp13TeV/cross-section-pp13TeV-final-syst
ematics.pdf  used on input line 36.
(pdftex.def)             Requested size: 455.24408pt x 499.42857pt.
) [33 <./figures/Dstar/pp13TeV/Dstar-ME-eff-final.pdf, page is rotated 90 degre
es>] [34 <./figures/Dstar/pp13TeV/feed-down-syst-Dstar.pdf, page is rotated 90 
degrees> <./figures/Dstar/pp13TeV/RelativeSystematics-eps-converted-to.pdf>] [3
5 <./figures/Dstar/pp13TeV/cross-setion-pp13TeV.png> <./figures/Dstar/pp13TeV/c
omparison_plt_dstar.png>] [36 <./figures/Dstar/pp13TeV/cross-section-pp13TeV-fi
nal-systematics.pdf>]
(./ALICE_analysis_note.bbl) [37

] (./ALICE_analysis_note.aux)

LaTeX Warning: There were undefined references.

 ) 
Here is how much of TeX's memory you used:
 4656 strings out of 480204
 106328 string characters out of 5895011
 379320 words of memory out of 5000000
 22385 multiletter control sequences out of 15000+600000
 521181 words of font info for 140 fonts, out of 8000000 for 9000
 37 hyphenation exceptions out of 8191
 70i,17n,76p,2045b,356s stack positions out of 5000i,500n,10000p,200000b,80000s
{/usr/share/texlive/texmf-dist/fonts/enc/dvips/base/8r.enc}</usr/share/texliv
e/texmf-dist/fonts/type1/public/amsfonts/cm/cmex10.pfb></usr/share/texlive/texm
f-dist/fonts/type1/public/amsfonts/cm/cmmi10.pfb></usr/share/texlive/texmf-dist
/fonts/type1/public/amsfonts/cm/cmr10.pfb></usr/share/texlive/texmf-dist/fonts/
type1/public/amsfonts/cm/cmss8.pfb></usr/share/texlive/texmf-dist/fonts/type1/p
ublic/amsfonts/cm/cmsy10.pfb></usr/share/texlive/texmf-dist/fonts/type1/public/
amsfonts/cm/cmtt10.pfb></usr/share/texlive/texmf-dist/fonts/type1/urw/symbol/us
yr.pfb></usr/share/texlive/texmf-dist/fonts/type1/urw/symbol/usyr.pfb></usr/sha
re/texlive/texmf-dist/fonts/type1/urw/times/utmb8a.pfb></usr/share/texlive/texm
f-dist/fonts/type1/urw/times/utmr8a.pfb></usr/share/texlive/texmf-dist/fonts/ty
pe1/urw/times/utmri8a.pfb>
Output written on ALICE_analysis_note.pdf (39 pages, 6479351 bytes).
PDF statistics:
 1316 PDF objects out of 1440 (max. 8388607)
 628 compressed objects within 7 object streams
 0 named destinations out of 1000 (max. 500000)
 501 words of extra memory for PDF output out of 10000 (max. 10000000)

